<?xml version="1.0" encoding="UTF-8"?>
<!-- Generated by org.testng.reporters.JUnitXMLReporter -->
<testsuite ignored="4" hostname="DESKTOP-D4N01GG" failures="0" tests="2" name="Test2" time="25.695" errors="0" timestamp="2025-08-01T16:28:43 PDT">
  <testcase classname="seleniumGrid.WebTableTreeSetTest" name="webtable3" time="22.0"/>
  <testcase classname="seleniumGrid.WebtableTest" name="webtable2" time="0.678"/>
  <testcase classname="seleniumGrid.BaseClassSGTest" name="@AfterTest test" time="0.0">
    <ignored/>
  </testcase> <!-- @AfterTest test -->
  <testcase classname="seleniumGrid.BaseClassSGTest" name="@AfterSuite closedbConnection" time="0.0">
    <ignored/>
  </testcase> <!-- @AfterSuite closedbConnection -->
  <testcase classname="seleniumGrid.BaseClassSGTest" name="@BeforeSuite dbconnection" time="0.0">
    <ignored/>
  </testcase> <!-- @BeforeSuite dbconnection -->
  <testcase classname="seleniumGrid.BaseClassSGTest" name="@BeforeTest login" time="0.0">
    <ignored/>
  </testcase> <!-- @BeforeTest login -->
</testsuite> <!-- Test2 -->
