<?xml version="1.0" encoding="UTF-8"?>
<testng-results ignored="0" total="1" passed="1" failed="0" skipped="0">
  <reporter-output>
  </reporter-output>
  <suite started-at="2026-02-18T13:08:04 PST" name="Default suite" finished-at="2026-02-18T13:32:16 PST" duration-ms="1451817">
    <groups>
    </groups>
    <test started-at="2026-02-18T13:08:04 PST" name="Default test" finished-at="2026-02-18T13:32:16 PST" duration-ms="1451817">
      <class name="collections.RealTimeExampleForCollection">
        <test-method signature="collection()[pri:0, instance:collections.RealTimeExampleForCollection@4be29ed9]" started-at="2026-02-18T13:08:05 PST" name="collection" finished-at="2026-02-18T13:25:21 PST" duration-ms="1036618" status="PASS">
          <reporter-output>
          </reporter-output>
        </test-method> <!-- collection -->
      </class> <!-- collections.RealTimeExampleForCollection -->
    </test> <!-- Default test -->
  </suite> <!-- Default suite -->
</testng-results>
