<?xml version="1.0" encoding="UTF-8"?>
<!-- Generated by org.testng.reporters.JUnitReportReporter -->
<testsuite hostname="DESKTOP-D4N01GG" failures="0" tests="1" name="Collections.reverseAString" time="0.017" errors="1" timestamp="2024-11-27T15:15:29 PST" skipped="0">
  <testcase classname="Collections.reverseAString" name="reverseStringUsingRecurssion" time="0.017">
    <error type="java.lang.StackOverflowError">
      <![CDATA[java.lang.StackOverflowError
at java.base/java.lang.StringLatin1.toChars(StringLatin1.java:75)
at java.base/java.lang.String.toCharArray(String.java:4098)
at Collections.reverseAString.reverseStringUsingRecurssion(reverseAString.java:58)
at Collections.reverseAString.reverseStringUsingRecurssion(reverseAString.java:60)
at Collections.reverseAString.reverseStringUsingRecurssion(reverseAString.java:60)
at Collections.reverseAString.reverseStringUsingRecurssion(reverseAString.java:60)
at Collections.reverseAString.reverseStringUsingRecurssion(reverseAString.java:60)
at Collections.reverseAString.reverseStringUsingRecurssion(reverseAString.java:60)
at Collections.reverseAString.reverseStringUsingRecurssion(reverseAString.java:60)
at Collections.reverseAString.reverseStringUsingRecurssion(reverseAString.java:60)
at Collections.reverseAString.reverseStringUsingRecurssion(reverseAString.java:60)
at Collections.reverseAString.reverseStringUsingRecurssion(reverseAString.java:60)
at Collections.reverseAString.reverseStringUsingRecurssion(reverseAString.java:60)
at Collections.reverseAString.reverseStringUsingRecurssion(reverseAString.java:60)
at Collections.reverseAString.reverseStringUsingRecurssion(reverseAString.java:60)
at Collections.reverseAString.reverseStringUsingRecurssion(reverseAString.java:60)
at Collections.reverseAString.reverseStringUsingRecurssion(reverseAString.java:60)
at Collections.reverseAString.reverseStringUsingRecurssion(reverseAString.java:60)
at Collections.reverseAString.reverseStringUsingRecurssion(reverseAString.java:60)
at Collections.reverseAString.reverseStringUsingRecurssion(reverseAString.java:60)
at Collections.reverseAString.reverseStringUsingRecurssion(reverseAString.java:60)
at Collections.reverseAString.reverseStringUsingRecurssion(reverseAString.java:60)
at Collections.reverseAString.reverseStringUsingRecurssion(reverseAString.java:60)
at Collections.reverseAString.reverseStringUsingRecurssion(reverseAString.java:60)
at Collections.reverseAString.reverseStringUsingRecurssion(reverseAString.java:60)
at Collections.reverseAString.reverseStringUsingRecurssion(reverseAString.java:60)
at Collections.reverseAString.reverseStringUsingRecurssion(reverseAString.java:60)
at Collections.reverseAString.reverseStringUsingRecurssion(reverseAString.java:60)
at Collections.reverseAString.reverseStringUsingRecurssion(reverseAString.java:60)
at Collections.reverseAString.reverseStringUsingRecurssion(reverseAString.java:60)
at Collections.reverseAString.reverseStringUsingRecurssion(reverseAString.java:60)
at Collections.reverseAString.reverseStringUsingRecurssion(reverseAString.java:60)
at Collections.reverseAString.reverseStringUsingRecurssion(reverseAString.java:60)
at Collections.reverseAString.reverseStringUsingRecurssion(reverseAString.java:60)
at Collections.reverseAString.reverseStringUsingRecurssion(reverseAString.java:60)
at Collections.reverseAString.reverseStringUsingRecurssion(reverseAString.java:60)
at Collections.reverseAString.reverseStringUsingRecurssion(reverseAString.java:60)
at Collections.reverseAString.reverseStringUsingRecurssion(reverseAString.java:60)
at Collections.reverseAString.reverseStringUsingRecurssion(reverseAString.java:60)
at Collections.reverseAString.reverseStringUsingRecurssion(reverseAString.java:60)
at Collections.reverseAString.reverseStringUsingRecurssion(reverseAString.java:60)
at Collections.reverseAString.reverseStringUsingRecurssion(reverseAString.java:60)
at Collections.reverseAString.reverseStringUsingRecurssion(reverseAString.java:60)
at Collections.reverseAString.reverseStringUsingRecurssion(reverseAString.java:60)
at Collections.reverseAString.reverseStringUsingRecurssion(reverseAString.java:60)
at Collections.reverseAString.reverseStringUsingRecurssion(reverseAString.java:60)
at Collections.reverseAString.reverseStringUsingRecurssion(reverseAString.java:60)
at Collections.reverseAString.reverseStringUsingRecurssion(reverseAString.java:60)
at Collections.reverseAString.reverseStringUsingRecurssion(reverseAString.java:60)
at Collections.reverseAString.reverseStringUsingRecurssion(reverseAString.java:60)
at Collections.reverseAString.reverseStringUsingRecurssion(reverseAString.java:60)
at Collections.reverseAString.reverseStringUsingRecurssion(reverseAString.java:60)
at Collections.reverseAString.reverseStringUsingRecurssion(reverseAString.java:60)
at Collections.reverseAString.reverseStringUsingRecurssion(reverseAString.java:60)
at Collections.reverseAString.reverseStringUsingRecurssion(reverseAString.java:60)
at Collections.reverseAString.reverseStringUsingRecurssion(reverseAString.java:60)
at Collections.reverseAString.reverseStringUsingRecurssion(reverseAString.java:60)
at Collections.reverseAString.reverseStringUsingRecurssion(reverseAString.java:60)
at Collections.reverseAString.reverseStringUsingRecurssion(reverseAString.java:60)
at Collections.reverseAString.reverseStringUsingRecurssion(reverseAString.java:60)
at Collections.reverseAString.reverseStringUsingRecurssion(reverseAString.java:60)
at Collections.reverseAString.reverseStringUsingRecurssion(reverseAString.java:60)
at Collections.reverseAString.reverseStringUsingRecurssion(reverseAString.java:60)
at Collections.reverseAString.reverseStringUsingRecurssion(reverseAString.java:60)
at Collections.reverseAString.reverseStringUsingRecurssion(reverseAString.java:60)
at Collections.reverseAString.reverseStringUsingRecurssion(reverseAString.java:60)
at Collections.reverseAString.reverseStringUsingRecurssion(reverseAString.java:60)
at Collections.reverseAString.reverseStringUsingRecurssion(reverseAString.java:60)
at Collections.reverseAString.reverseStringUsingRecurssion(reverseAString.java:60)
at Collections.reverseAString.reverseStringUsingRecurssion(reverseAString.java:60)
at Collections.reverseAString.reverseStringUsingRecurssion(reverseAString.java:60)
at Collections.reverseAString.reverseStringUsingRecurssion(reverseAString.java:60)
at Collections.reverseAString.reverseStringUsingRecurssion(reverseAString.java:60)
at Collections.reverseAString.reverseStringUsingRecurssion(reverseAString.java:60)
at Collections.reverseAString.reverseStringUsingRecurssion(reverseAString.java:60)
at Collections.reverseAString.reverseStringUsingRecurssion(reverseAString.java:60)
at Collections.reverseAString.reverseStringUsingRecurssion(reverseAString.java:60)
at Collections.reverseAString.reverseStringUsingRecurssion(reverseAString.java:60)
at Collections.reverseAString.reverseStringUsingRecurssion(reverseAString.java:60)
at Collections.reverseAString.reverseStringUsingRecurssion(reverseAString.java:60)
at Collections.reverseAString.reverseStringUsingRecurssion(reverseAString.java:60)
at Collections.reverseAString.reverseStringUsingRecurssion(reverseAString.java:60)
at Collections.reverseAString.reverseStringUsingRecurssion(reverseAString.java:60)
at Collections.reverseAString.reverseStringUsingRecurssion(reverseAString.java:60)
at Collections.reverseAString.reverseStringUsingRecurssion(reverseAString.java:60)
at Collections.reverseAString.reverseStringUsingRecurssion(reverseAString.java:60)
at Collections.reverseAString.reverseStringUsingRecurssion(reverseAString.java:60)
at Collections.reverseAString.reverseStringUsingRecurssion(reverseAString.java:60)
at Collections.reverseAString.reverseStringUsingRecurssion(reverseAString.java:60)
at Collections.reverseAString.reverseStringUsingRecurssion(reverseAString.java:60)
at Collections.reverseAString.reverseStringUsingRecurssion(reverseAString.java:60)
at Collections.reverseAString.reverseStringUsingRecurssion(reverseAString.java:60)
at Collections.reverseAString.reverseStringUsingRecurssion(reverseAString.java:60)
at Collections.reverseAString.reverseStringUsingRecurssion(reverseAString.java:60)
at Collections.reverseAString.reverseStringUsingRecurssion(reverseAString.java:60)
at Collections.reverseAString.reverseStringUsingRecurssion(reverseAString.java:60)
at Collections.reverseAString.reverseStringUsingRecurssion(reverseAString.java:60)
at Collections.reverseAString.reverseStringUsingRecurssion(reverseAString.java:60)
at Collections.reverseAString.reverseStringUsingRecurssion(reverseAString.java:60)
at Collections.reverseAString.reverseStringUsingRecurssion(reverseAString.java:60)
at Collections.reverseAString.reverseStringUsingRecurssion(reverseAString.java:60)
at Collections.reverseAString.reverseStringUsingRecurssion(reverseAString.java:60)
at Collections.reverseAString.reverseStringUsingRecurssion(reverseAString.java:60)
at Collections.reverseAString.reverseStringUsingRecurssion(reverseAString.java:60)
at Collections.reverseAString.reverseStringUsingRecurssion(reverseAString.java:60)
at Collections.reverseAString.reverseStringUsingRecurssion(reverseAString.java:60)
at Collections.reverseAString.reverseStringUsingRecurssion(reverseAString.java:60)
at Collections.reverseAString.reverseStringUsingRecurssion(reverseAString.java:60)
at Collections.reverseAString.reverseStringUsingRecurssion(reverseAString.java:60)
at Collections.reverseAString.reverseStringUsingRecurssion(reverseAString.java:60)
at Collections.reverseAString.reverseStringUsingRecurssion(reverseAString.java:60)
at Collections.reverseAString.reverseStringUsingRecurssion(reverseAString.java:60)
at Collections.reverseAString.reverseStringUsingRecurssion(reverseAString.java:60)
at Collections.reverseAString.reverseStringUsingRecurssion(reverseAString.java:60)
at Collections.reverseAString.reverseStringUsingRecurssion(reverseAString.java:60)
at Collections.reverseAString.reverseStringUsingRecurssion(reverseAString.java:60)
at Collections.reverseAString.reverseStringUsingRecurssion(reverseAString.java:60)
at Collections.reverseAString.reverseStringUsingRecurssion(reverseAString.java:60)
at Collections.reverseAString.reverseStringUsingRecurssion(reverseAString.java:60)
at Collections.reverseAString.reverseStringUsingRecurssion(reverseAString.java:60)
at Collections.reverseAString.reverseStringUsingRecurssion(reverseAString.java:60)
at Collections.reverseAString.reverseStringUsingRecurssion(reverseAString.java:60)
at Collections.reverseAString.reverseStringUsingRecurssion(reverseAString.java:60)
at Collections.reverseAString.reverseStringUsingRecurssion(reverseAString.java:60)
at Collections.reverseAString.reverseStringUsingRecurssion(reverseAString.java:60)
at Collections.reverseAString.reverseStringUsingRecurssion(reverseAString.java:60)
at Collections.reverseAString.reverseStringUsingRecurssion(reverseAString.java:60)
at Collections.reverseAString.reverseStringUsingRecurssion(reverseAString.java:60)
at Collections.reverseAString.reverseStringUsingRecurssion(reverseAString.java:60)
at Collections.reverseAString.reverseStringUsingRecurssion(reverseAString.java:60)
at Collections.reverseAString.reverseStringUsingRecurssion(reverseAString.java:60)
at Collections.reverseAString.reverseStringUsingRecurssion(reverseAString.java:60)
at Collections.reverseAString.reverseStringUsingRecurssion(reverseAString.java:60)
at Collections.reverseAString.reverseStringUsingRecurssion(reverseAString.java:60)
at Collections.reverseAString.reverseStringUsingRecurssion(reverseAString.java:60)
at Collections.reverseAString.reverseStringUsingRecurssion(reverseAString.java:60)
at Collections.reverseAString.reverseStringUsingRecurssion(reverseAString.java:60)
at Collections.reverseAString.reverseStringUsingRecurssion(reverseAString.java:60)
at Collections.reverseAString.reverseStringUsingRecurssion(reverseAString.java:60)
at Collections.reverseAString.reverseStringUsingRecurssion(reverseAString.java:60)
at Collections.reverseAString.reverseStringUsingRecurssion(reverseAString.java:60)
at Collections.reverseAString.reverseStringUsingRecurssion(reverseAString.java:60)
at Collections.reverseAString.reverseStringUsingRecurssion(reverseAString.java:60)
at Collections.reverseAString.reverseStringUsingRecurssion(reverseAString.java:60)
at Collections.reverseAString.reverseStringUsingRecurssion(reverseAString.java:60)
at Collections.reverseAString.reverseStringUsingRecurssion(reverseAString.java:60)
at Collections.reverseAString.reverseStringUsingRecurssion(reverseAString.java:60)
at Collections.reverseAString.reverseStringUsingRecurssion(reverseAString.java:60)
at Collections.reverseAString.reverseStringUsingRecurssion(reverseAString.java:60)
at Collections.reverseAString.reverseStringUsingRecurssion(reverseAString.java:60)
at Collections.reverseAString.reverseStringUsingRecurssion(reverseAString.java:60)
at Collections.reverseAString.reverseStringUsingRecurssion(reverseAString.java:60)
at Collections.reverseAString.reverseStringUsingRecurssion(reverseAString.java:60)
at Collections.reverseAString.reverseStringUsingRecurssion(reverseAString.java:60)
at Collections.reverseAString.reverseStringUsingRecurssion(reverseAString.java:60)
at Collections.reverseAString.reverseStringUsingRecurssion(reverseAString.java:60)
at Collections.reverseAString.reverseStringUsingRecurssion(reverseAString.java:60)
at Collections.reverseAString.reverseStringUsingRecurssion(reverseAString.java:60)
at Collections.reverseAString.reverseStringUsingRecurssion(reverseAString.java:60)
at Collections.reverseAString.reverseStringUsingRecurssion(reverseAString.java:60)
at Collections.reverseAString.reverseStringUsingRecurssion(reverseAString.java:60)
at Collections.reverseAString.reverseStringUsingRecurssion(reverseAString.java:60)
at Collections.reverseAString.reverseStringUsingRecurssion(reverseAString.java:60)
at Collections.reverseAString.reverseStringUsingRecurssion(reverseAString.java:60)
at Collections.reverseAString.reverseStringUsingRecurssion(reverseAString.java:60)
at Collections.reverseAString.reverseStringUsingRecurssion(reverseAString.java:60)
at Collections.reverseAString.reverseStringUsingRecurssion(reverseAString.java:60)
at Collections.reverseAString.reverseStringUsingRecurssion(reverseAString.java:60)
at Collections.reverseAString.reverseStringUsingRecurssion(reverseAString.java:60)
at Collections.reverseAString.reverseStringUsingRecurssion(reverseAString.java:60)
at Collections.reverseAString.reverseStringUsingRecurssion(reverseAString.java:60)
at Collections.reverseAString.reverseStringUsingRecurssion(reverseAString.java:60)
at Collections.reverseAString.reverseStringUsingRecurssion(reverseAString.java:60)
at Collections.reverseAString.reverseStringUsingRecurssion(reverseAString.java:60)
at Collections.reverseAString.reverseStringUsingRecurssion(reverseAString.java:60)
at Collections.reverseAString.reverseStringUsingRecurssion(reverseAString.java:60)
at Collections.reverseAString.reverseStringUsingRecurssion(reverseAString.java:60)
at Collections.reverseAString.reverseStringUsingRecurssion(reverseAString.java:60)
at Collections.reverseAString.reverseStringUsingRecurssion(reverseAString.java:60)
at Collections.reverseAString.reverseStringUsingRecurssion(reverseAString.java:60)
at Collections.reverseAString.reverseStringUsingRecurssion(reverseAString.java:60)
at Collections.reverseAString.reverseStringUsingRecurssion(reverseAString.java:60)
at Collections.reverseAString.reverseStringUsingRecurssion(reverseAString.java:60)
at Collections.reverseAString.reverseStringUsingRecurssion(reverseAString.java:60)
at Collections.reverseAString.reverseStringUsingRecurssion(reverseAString.java:60)
at Collections.reverseAString.reverseStringUsingRecurssion(reverseAString.java:60)
at Collections.reverseAString.reverseStringUsingRecurssion(reverseAString.java:60)
at Collections.reverseAString.reverseStringUsingRecurssion(reverseAString.java:60)
at Collections.reverseAString.reverseStringUsingRecurssion(reverseAString.java:60)
at Collections.reverseAString.reverseStringUsingRecurssion(reverseAString.java:60)
at Collections.reverseAString.reverseStringUsingRecurssion(reverseAString.java:60)
at Collections.reverseAString.reverseStringUsingRecurssion(reverseAString.java:60)
at Collections.reverseAString.reverseStringUsingRecurssion(reverseAString.java:60)
at Collections.reverseAString.reverseStringUsingRecurssion(reverseAString.java:60)
at Collections.reverseAString.reverseStringUsingRecurssion(reverseAString.java:60)
at Collections.reverseAString.reverseStringUsingRecurssion(reverseAString.java:60)
at Collections.reverseAString.reverseStringUsingRecurssion(reverseAString.java:60)
at Collections.reverseAString.reverseStringUsingRecurssion(reverseAString.java:60)
at Collections.reverseAString.reverseStringUsingRecurssion(reverseAString.java:60)
at Collections.reverseAString.reverseStringUsingRecurssion(reverseAString.java:60)
at Collections.reverseAString.reverseStringUsingRecurssion(reverseAString.java:60)
at Collections.reverseAString.reverseStringUsingRecurssion(reverseAString.java:60)
at Collections.reverseAString.reverseStringUsingRecurssion(reverseAString.java:60)
at Collections.reverseAString.reverseStringUsingRecurssion(reverseAString.java:60)
at Collections.reverseAString.reverseStringUsingRecurssion(reverseAString.java:60)
at Collections.reverseAString.reverseStringUsingRecurssion(reverseAString.java:60)
at Collections.reverseAString.reverseStringUsingRecurssion(reverseAString.java:60)
at Collections.reverseAString.reverseStringUsingRecurssion(reverseAString.java:60)
at Collections.reverseAString.reverseStringUsingRecurssion(reverseAString.java:60)
at Collections.reverseAString.reverseStringUsingRecurssion(reverseAString.java:60)
at Collections.reverseAString.reverseStringUsingRecurssion(reverseAString.java:60)
at Collections.reverseAString.reverseStringUsingRecurssion(reverseAString.java:60)
at Collections.reverseAString.reverseStringUsingRecurssion(reverseAString.java:60)
at Collections.reverseAString.reverseStringUsingRecurssion(reverseAString.java:60)
at Collections.reverseAString.reverseStringUsingRecurssion(reverseAString.java:60)
at Collections.reverseAString.reverseStringUsingRecurssion(reverseAString.java:60)
at Collections.reverseAString.reverseStringUsingRecurssion(reverseAString.java:60)
at Collections.reverseAString.reverseStringUsingRecurssion(reverseAString.java:60)
at Collections.reverseAString.reverseStringUsingRecurssion(reverseAString.java:60)
at Collections.reverseAString.reverseStringUsingRecurssion(reverseAString.java:60)
at Collections.reverseAString.reverseStringUsingRecurssion(reverseAString.java:60)
at Collections.reverseAString.reverseStringUsingRecurssion(reverseAString.java:60)
at Collections.reverseAString.reverseStringUsingRecurssion(reverseAString.java:60)
at Collections.reverseAString.reverseStringUsingRecurssion(reverseAString.java:60)
at Collections.reverseAString.reverseStringUsingRecurssion(reverseAString.java:60)
at Collections.reverseAString.reverseStringUsingRecurssion(reverseAString.java:60)
at Collections.reverseAString.reverseStringUsingRecurssion(reverseAString.java:60)
at Collections.reverseAString.reverseStringUsingRecurssion(reverseAString.java:60)
at Collections.reverseAString.reverseStringUsingRecurssion(reverseAString.java:60)
at Collections.reverseAString.reverseStringUsingRecurssion(reverseAString.java:60)
at Collections.reverseAString.reverseStringUsingRecurssion(reverseAString.java:60)
at Collections.reverseAString.reverseStringUsingRecurssion(reverseAString.java:60)
at Collections.reverseAString.reverseStringUsingRecurssion(reverseAString.java:60)
at Collections.reverseAString.reverseStringUsingRecurssion(reverseAString.java:60)
at Collections.reverseAString.reverseStringUsingRecurssion(reverseAString.java:60)
at Collections.reverseAString.reverseStringUsingRecurssion(reverseAString.java:60)
at Collections.reverseAString.reverseStringUsingRecurssion(reverseAString.java:60)
at Collections.reverseAString.reverseStringUsingRecurssion(reverseAString.java:60)
at Collections.reverseAString.reverseStringUsingRecurssion(reverseAString.java:60)
at Collections.reverseAString.reverseStringUsingRecurssion(reverseAString.java:60)
at Collections.reverseAString.reverseStringUsingRecurssion(reverseAString.java:60)
at Collections.reverseAString.reverseStringUsingRecurssion(reverseAString.java:60)
at Collections.reverseAString.reverseStringUsingRecurssion(reverseAString.java:60)
at Collections.reverseAString.reverseStringUsingRecurssion(reverseAString.java:60)
at Collections.reverseAString.reverseStringUsingRecurssion(reverseAString.java:60)
at Collections.reverseAString.reverseStringUsingRecurssion(reverseAString.java:60)
at Collections.reverseAString.reverseStringUsingRecurssion(reverseAString.java:60)
at Collections.reverseAString.reverseStringUsingRecurssion(reverseAString.java:60)
at Collections.reverseAString.reverseStringUsingRecurssion(reverseAString.java:60)
at Collections.reverseAString.reverseStringUsingRecurssion(reverseAString.java:60)
at Collections.reverseAString.reverseStringUsingRecurssion(reverseAString.java:60)
at Collections.reverseAString.reverseStringUsingRecurssion(reverseAString.java:60)
at Collections.reverseAString.reverseStringUsingRecurssion(reverseAString.java:60)
at Collections.reverseAString.reverseStringUsingRecurssion(reverseAString.java:60)
at Collections.reverseAString.reverseStringUsingRecurssion(reverseAString.java:60)
at Collections.reverseAString.reverseStringUsingRecurssion(reverseAString.java:60)
at Collections.reverseAString.reverseStringUsingRecurssion(reverseAString.java:60)
at Collections.reverseAString.reverseStringUsingRecurssion(reverseAString.java:60)
at Collections.reverseAString.reverseStringUsingRecurssion(reverseAString.java:60)
at Collections.reverseAString.reverseStringUsingRecurssion(reverseAString.java:60)
at Collections.reverseAString.reverseStringUsingRecurssion(reverseAString.java:60)
at Collections.reverseAString.reverseStringUsingRecurssion(reverseAString.java:60)
at Collections.reverseAString.reverseStringUsingRecurssion(reverseAString.java:60)
at Collections.reverseAString.reverseStringUsingRecurssion(reverseAString.java:60)
at Collections.reverseAString.reverseStringUsingRecurssion(reverseAString.java:60)
at Collections.reverseAString.reverseStringUsingRecurssion(reverseAString.java:60)
at Collections.reverseAString.reverseStringUsingRecurssion(reverseAString.java:60)
at Collections.reverseAString.reverseStringUsingRecurssion(reverseAString.java:60)
at Collections.reverseAString.reverseStringUsingRecurssion(reverseAString.java:60)
at Collections.reverseAString.reverseStringUsingRecurssion(reverseAString.java:60)
at Collections.reverseAString.reverseStringUsingRecurssion(reverseAString.java:60)
at Collections.reverseAString.reverseStringUsingRecurssion(reverseAString.java:60)
at Collections.reverseAString.reverseStringUsingRecurssion(reverseAString.java:60)
at Collections.reverseAString.reverseStringUsingRecurssion(reverseAString.java:60)
at Collections.reverseAString.reverseStringUsingRecurssion(reverseAString.java:60)
at Collections.reverseAString.reverseStringUsingRecurssion(reverseAString.java:60)
at Collections.reverseAString.reverseStringUsingRecurssion(reverseAString.java:60)
at Collections.reverseAString.reverseStringUsingRecurssion(reverseAString.java:60)
at Collections.reverseAString.reverseStringUsingRecurssion(reverseAString.java:60)
at Collections.reverseAString.reverseStringUsingRecurssion(reverseAString.java:60)
at Collections.reverseAString.reverseStringUsingRecurssion(reverseAString.java:60)
at Collections.reverseAString.reverseStringUsingRecurssion(reverseAString.java:60)
at Collections.reverseAString.reverseStringUsingRecurssion(reverseAString.java:60)
at Collections.reverseAString.reverseStringUsingRecurssion(reverseAString.java:60)
at Collections.reverseAString.reverseStringUsingRecurssion(reverseAString.java:60)
at Collections.reverseAString.reverseStringUsingRecurssion(reverseAString.java:60)
at Collections.reverseAString.reverseStringUsingRecurssion(reverseAString.java:60)
at Collections.reverseAString.reverseStringUsingRecurssion(reverseAString.java:60)
at Collections.reverseAString.reverseStringUsingRecurssion(reverseAString.java:60)
at Collections.reverseAString.reverseStringUsingRecurssion(reverseAString.java:60)
at Collections.reverseAString.reverseStringUsingRecurssion(reverseAString.java:60)
at Collections.reverseAString.reverseStringUsingRecurssion(reverseAString.java:60)
at Collections.reverseAString.reverseStringUsingRecurssion(reverseAString.java:60)
at Collections.reverseAString.reverseStringUsingRecurssion(reverseAString.java:60)
at Collections.reverseAString.reverseStringUsingRecurssion(reverseAString.java:60)
at Collections.reverseAString.reverseStringUsingRecurssion(reverseAString.java:60)
at Collections.reverseAString.reverseStringUsingRecurssion(reverseAString.java:60)
at Collections.reverseAString.reverseStringUsingRecurssion(reverseAString.java:60)
at Collections.reverseAString.reverseStringUsingRecurssion(reverseAString.java:60)
at Collections.reverseAString.reverseStringUsingRecurssion(reverseAString.java:60)
at Collections.reverseAString.reverseStringUsingRecurssion(reverseAString.java:60)
at Collections.reverseAString.reverseStringUsingRecurssion(reverseAString.java:60)
at Collections.reverseAString.reverseStringUsingRecurssion(reverseAString.java:60)
at Collections.reverseAString.reverseStringUsingRecurssion(reverseAString.java:60)
at Collections.reverseAString.reverseStringUsingRecurssion(reverseAString.java:60)
at Collections.reverseAString.reverseStringUsingRecurssion(reverseAString.java:60)
at Collections.reverseAString.reverseStringUsingRecurssion(reverseAString.java:60)
at Collections.reverseAString.reverseStringUsingRecurssion(reverseAString.java:60)
at Collections.reverseAString.reverseStringUsingRecurssion(reverseAString.java:60)
at Collections.reverseAString.reverseStringUsingRecurssion(reverseAString.java:60)
at Collections.reverseAString.reverseStringUsingRecurssion(reverseAString.java:60)
at Collections.reverseAString.reverseStringUsingRecurssion(reverseAString.java:60)
at Collections.reverseAString.reverseStringUsingRecurssion(reverseAString.java:60)
at Collections.reverseAString.reverseStringUsingRecurssion(reverseAString.java:60)
at Collections.reverseAString.reverseStringUsingRecurssion(reverseAString.java:60)
at Collections.reverseAString.reverseStringUsingRecurssion(reverseAString.java:60)
at Collections.reverseAString.reverseStringUsingRecurssion(reverseAString.java:60)
at Collections.reverseAString.reverseStringUsingRecurssion(reverseAString.java:60)
at Collections.reverseAString.reverseStringUsingRecurssion(reverseAString.java:60)
at Collections.reverseAString.reverseStringUsingRecurssion(reverseAString.java:60)
at Collections.reverseAString.reverseStringUsingRecurssion(reverseAString.java:60)
at Collections.reverseAString.reverseStringUsingRecurssion(reverseAString.java:60)
at Collections.reverseAString.reverseStringUsingRecurssion(reverseAString.java:60)
at Collections.reverseAString.reverseStringUsingRecurssion(reverseAString.java:60)
at Collections.reverseAString.reverseStringUsingRecurssion(reverseAString.java:60)
at Collections.reverseAString.reverseStringUsingRecurssion(reverseAString.java:60)
at Collections.reverseAString.reverseStringUsingRecurssion(reverseAString.java:60)
at Collections.reverseAString.reverseStringUsingRecurssion(reverseAString.java:60)
at Collections.reverseAString.reverseStringUsingRecurssion(reverseAString.java:60)
at Collections.reverseAString.reverseStringUsingRecurssion(reverseAString.java:60)
at Collections.reverseAString.reverseStringUsingRecurssion(reverseAString.java:60)
at Collections.reverseAString.reverseStringUsingRecurssion(reverseAString.java:60)
at Collections.reverseAString.reverseStringUsingRecurssion(reverseAString.java:60)
at Collections.reverseAString.reverseStringUsingRecurssion(reverseAString.java:60)
at Collections.reverseAString.reverseStringUsingRecurssion(reverseAString.java:60)
at Collections.reverseAString.reverseStringUsingRecurssion(reverseAString.java:60)
at Collections.reverseAString.reverseStringUsingRecurssion(reverseAString.java:60)
at Collections.reverseAString.reverseStringUsingRecurssion(reverseAString.java:60)
at Collections.reverseAString.reverseStringUsingRecurssion(reverseAString.java:60)
at Collections.reverseAString.reverseStringUsingRecurssion(reverseAString.java:60)
at Collections.reverseAString.reverseStringUsingRecurssion(reverseAString.java:60)
at Collections.reverseAString.reverseStringUsingRecurssion(reverseAString.java:60)
at Collections.reverseAString.reverseStringUsingRecurssion(reverseAString.java:60)
at Collections.reverseAString.reverseStringUsingRecurssion(reverseAString.java:60)
at Collections.reverseAString.reverseStringUsingRecurssion(reverseAString.java:60)
at Collections.reverseAString.reverseStringUsingRecurssion(reverseAString.java:60)
at Collections.reverseAString.reverseStringUsingRecurssion(reverseAString.java:60)
at Collections.reverseAString.reverseStringUsingRecurssion(reverseAString.java:60)
at Collections.reverseAString.reverseStringUsingRecurssion(reverseAString.java:60)
at Collections.reverseAString.reverseStringUsingRecurssion(reverseAString.java:60)
at Collections.reverseAString.reverseStringUsingRecurssion(reverseAString.java:60)
at Collections.reverseAString.reverseStringUsingRecurssion(reverseAString.java:60)
at Collections.reverseAString.reverseStringUsingRecurssion(reverseAString.java:60)
at Collections.reverseAString.reverseStringUsingRecurssion(reverseAString.java:60)
at Collections.reverseAString.reverseStringUsingRecurssion(reverseAString.java:60)
at Collections.reverseAString.reverseStringUsingRecurssion(reverseAString.java:60)
at Collections.reverseAString.reverseStringUsingRecurssion(reverseAString.java:60)
at Collections.reverseAString.reverseStringUsingRecurssion(reverseAString.java:60)
at Collections.reverseAString.reverseStringUsingRecurssion(reverseAString.java:60)
at Collections.reverseAString.reverseStringUsingRecurssion(reverseAString.java:60)
at Collections.reverseAString.reverseStringUsingRecurssion(reverseAString.java:60)
at Collections.reverseAString.reverseStringUsingRecurssion(reverseAString.java:60)
at Collections.reverseAString.reverseStringUsingRecurssion(reverseAString.java:60)
at Collections.reverseAString.reverseStringUsingRecurssion(reverseAString.java:60)
at Collections.reverseAString.reverseStringUsingRecurssion(reverseAString.java:60)
at Collections.reverseAString.reverseStringUsingRecurssion(reverseAString.java:60)
at Collections.reverseAString.reverseStringUsingRecurssion(reverseAString.java:60)
at Collections.reverseAString.reverseStringUsingRecurssion(reverseAString.java:60)
at Collections.reverseAString.reverseStringUsingRecurssion(reverseAString.java:60)
at Collections.reverseAString.reverseStringUsingRecurssion(reverseAString.java:60)
at Collections.reverseAString.reverseStringUsingRecurssion(reverseAString.java:60)
at Collections.reverseAString.reverseStringUsingRecurssion(reverseAString.java:60)
at Collections.reverseAString.reverseStringUsingRecurssion(reverseAString.java:60)
at Collections.reverseAString.reverseStringUsingRecurssion(reverseAString.java:60)
at Collections.reverseAString.reverseStringUsingRecurssion(reverseAString.java:60)
at Collections.reverseAString.reverseStringUsingRecurssion(reverseAString.java:60)
at Collections.reverseAString.reverseStringUsingRecurssion(reverseAString.java:60)
at Collections.reverseAString.reverseStringUsingRecurssion(reverseAString.java:60)
at Collections.reverseAString.reverseStringUsingRecurssion(reverseAString.java:60)
at Collections.reverseAString.reverseStringUsingRecurssion(reverseAString.java:60)
at Collections.reverseAString.reverseStringUsingRecurssion(reverseAString.java:60)
at Collections.reverseAString.reverseStringUsingRecurssion(reverseAString.java:60)
at Collections.reverseAString.reverseStringUsingRecurssion(reverseAString.java:60)
at Collections.reverseAString.reverseStringUsingRecurssion(reverseAString.java:60)
at Collections.reverseAString.reverseStringUsingRecurssion(reverseAString.java:60)
at Collections.reverseAString.reverseStringUsingRecurssion(reverseAString.java:60)
at Collections.reverseAString.reverseStringUsingRecurssion(reverseAString.java:60)
at Collections.reverseAString.reverseStringUsingRecurssion(reverseAString.java:60)
at Collections.reverseAString.reverseStringUsingRecurssion(reverseAString.java:60)
at Collections.reverseAString.reverseStringUsingRecurssion(reverseAString.java:60)
at Collections.reverseAString.reverseStringUsingRecurssion(reverseAString.java:60)
at Collections.reverseAString.reverseStringUsingRecurssion(reverseAString.java:60)
at Collections.reverseAString.reverseStringUsingRecurssion(reverseAString.java:60)
at Collections.reverseAString.reverseStringUsingRecurssion(reverseAString.java:60)
at Collections.reverseAString.reverseStringUsingRecurssion(reverseAString.java:60)
at Collections.reverseAString.reverseStringUsingRecurssion(reverseAString.java:60)
at Collections.reverseAString.reverseStringUsingRecurssion(reverseAString.java:60)
at Collections.reverseAString.reverseStringUsingRecurssion(reverseAString.java:60)
at Collections.reverseAString.reverseStringUsingRecurssion(reverseAString.java:60)
at Collections.reverseAString.reverseStringUsingRecurssion(reverseAString.java:60)
at Collections.reverseAString.reverseStringUsingRecurssion(reverseAString.java:60)
at Collections.reverseAString.reverseStringUsingRecurssion(reverseAString.java:60)
at Collections.reverseAString.reverseStringUsingRecurssion(reverseAString.java:60)
at Collections.reverseAString.reverseStringUsingRecurssion(reverseAString.java:60)
at Collections.reverseAString.reverseStringUsingRecurssion(reverseAString.java:60)
at Collections.reverseAString.reverseStringUsingRecurssion(reverseAString.java:60)
at Collections.reverseAString.reverseStringUsingRecurssion(reverseAString.java:60)
at Collections.reverseAString.reverseStringUsingRecurssion(reverseAString.java:60)
at Collections.reverseAString.reverseStringUsingRecurssion(reverseAString.java:60)
at Collections.reverseAString.reverseStringUsingRecurssion(reverseAString.java:60)
at Collections.reverseAString.reverseStringUsingRecurssion(reverseAString.java:60)
at Collections.reverseAString.reverseStringUsingRecurssion(reverseAString.java:60)
at Collections.reverseAString.reverseStringUsingRecurssion(reverseAString.java:60)
at Collections.reverseAString.reverseStringUsingRecurssion(reverseAString.java:60)
at Collections.reverseAString.reverseStringUsingRecurssion(reverseAString.java:60)
at Collections.reverseAString.reverseStringUsingRecurssion(reverseAString.java:60)
at Collections.reverseAString.reverseStringUsingRecurssion(reverseAString.java:60)
at Collections.reverseAString.reverseStringUsingRecurssion(reverseAString.java:60)
at Collections.reverseAString.reverseStringUsingRecurssion(reverseAString.java:60)
at Collections.reverseAString.reverseStringUsingRecurssion(reverseAString.java:60)
at Collections.reverseAString.reverseStringUsingRecurssion(reverseAString.java:60)
at Collections.reverseAString.reverseStringUsingRecurssion(reverseAString.java:60)
at Collections.reverseAString.reverseStringUsingRecurssion(reverseAString.java:60)
at Collections.reverseAString.reverseStringUsingRecurssion(reverseAString.java:60)
at Collections.reverseAString.reverseStringUsingRecurssion(reverseAString.java:60)
at Collections.reverseAString.reverseStringUsingRecurssion(reverseAString.java:60)
at Collections.reverseAString.reverseStringUsingRecurssion(reverseAString.java:60)
at Collections.reverseAString.reverseStringUsingRecurssion(reverseAString.java:60)
at Collections.reverseAString.reverseStringUsingRecurssion(reverseAString.java:60)
at Collections.reverseAString.reverseStringUsingRecurssion(reverseAString.java:60)
at Collections.reverseAString.reverseStringUsingRecurssion(reverseAString.java:60)
at Collections.reverseAString.reverseStringUsingRecurssion(reverseAString.java:60)
at Collections.reverseAString.reverseStringUsingRecurssion(reverseAString.java:60)
at Collections.reverseAString.reverseStringUsingRecurssion(reverseAString.java:60)
at Collections.reverseAString.reverseStringUsingRecurssion(reverseAString.java:60)
at Collections.reverseAString.reverseStringUsingRecurssion(reverseAString.java:60)
at Collections.reverseAString.reverseStringUsingRecurssion(reverseAString.java:60)
at Collections.reverseAString.reverseStringUsingRecurssion(reverseAString.java:60)
at Collections.reverseAString.reverseStringUsingRecurssion(reverseAString.java:60)
at Collections.reverseAString.reverseStringUsingRecurssion(reverseAString.java:60)
at Collections.reverseAString.reverseStringUsingRecurssion(reverseAString.java:60)
at Collections.reverseAString.reverseStringUsingRecurssion(reverseAString.java:60)
at Collections.reverseAString.reverseStringUsingRecurssion(reverseAString.java:60)
at Collections.reverseAString.reverseStringUsingRecurssion(reverseAString.java:60)
at Collections.reverseAString.reverseStringUsingRecurssion(reverseAString.java:60)
at Collections.reverseAString.reverseStringUsingRecurssion(reverseAString.java:60)
at Collections.reverseAString.reverseStringUsingRecurssion(reverseAString.java:60)
at Collections.reverseAString.reverseStringUsingRecurssion(reverseAString.java:60)
at Collections.reverseAString.reverseStringUsingRecurssion(reverseAString.java:60)
at Collections.reverseAString.reverseStringUsingRecurssion(reverseAString.java:60)
at Collections.reverseAString.reverseStringUsingRecurssion(reverseAString.java:60)
at Collections.reverseAString.reverseStringUsingRecurssion(reverseAString.java:60)
at Collections.reverseAString.reverseStringUsingRecurssion(reverseAString.java:60)
at Collections.reverseAString.reverseStringUsingRecurssion(reverseAString.java:60)
at Collections.reverseAString.reverseStringUsingRecurssion(reverseAString.java:60)
at Collections.reverseAString.reverseStringUsingRecurssion(reverseAString.java:60)
at Collections.reverseAString.reverseStringUsingRecurssion(reverseAString.java:60)
at Collections.reverseAString.reverseStringUsingRecurssion(reverseAString.java:60)
at Collections.reverseAString.reverseStringUsingRecurssion(reverseAString.java:60)
at Collections.reverseAString.reverseStringUsingRecurssion(reverseAString.java:60)
at Collections.reverseAString.reverseStringUsingRecurssion(reverseAString.java:60)
at Collections.reverseAString.reverseStringUsingRecurssion(reverseAString.java:60)
at Collections.reverseAString.reverseStringUsingRecurssion(reverseAString.java:60)
at Collections.reverseAString.reverseStringUsingRecurssion(reverseAString.java:60)
at Collections.reverseAString.reverseStringUsingRecurssion(reverseAString.java:60)
at Collections.reverseAString.reverseStringUsingRecurssion(reverseAString.java:60)
at Collections.reverseAString.reverseStringUsingRecurssion(reverseAString.java:60)
at Collections.reverseAString.reverseStringUsingRecurssion(reverseAString.java:60)
at Collections.reverseAString.reverseStringUsingRecurssion(reverseAString.java:60)
at Collections.reverseAString.reverseStringUsingRecurssion(reverseAString.java:60)
at Collections.reverseAString.reverseStringUsingRecurssion(reverseAString.java:60)
at Collections.reverseAString.reverseStringUsingRecurssion(reverseAString.java:60)
at Collections.reverseAString.reverseStringUsingRecurssion(reverseAString.java:60)
at Collections.reverseAString.reverseStringUsingRecurssion(reverseAString.java:60)
at Collections.reverseAString.reverseStringUsingRecurssion(reverseAString.java:60)
at Collections.reverseAString.reverseStringUsingRecurssion(reverseAString.java:60)
at Collections.reverseAString.reverseStringUsingRecurssion(reverseAString.java:60)
at Collections.reverseAString.reverseStringUsingRecurssion(reverseAString.java:60)
at Collections.reverseAString.reverseStringUsingRecurssion(reverseAString.java:60)
at Collections.reverseAString.reverseStringUsingRecurssion(reverseAString.java:60)
at Collections.reverseAString.reverseStringUsingRecurssion(reverseAString.java:60)
at Collections.reverseAString.reverseStringUsingRecurssion(reverseAString.java:60)
at Collections.reverseAString.reverseStringUsingRecurssion(reverseAString.java:60)
at Collections.reverseAString.reverseStringUsingRecurssion(reverseAString.java:60)
at Collections.reverseAString.reverseStringUsingRecurssion(reverseAString.java:60)
at Collections.reverseAString.reverseStringUsingRecurssion(reverseAString.java:60)
at Collections.reverseAString.reverseStringUsingRecurssion(reverseAString.java:60)
at Collections.reverseAString.reverseStringUsingRecurssion(reverseAString.java:60)
at Collections.reverseAString.reverseStringUsingRecurssion(reverseAString.java:60)
at Collections.reverseAString.reverseStringUsingRecurssion(reverseAString.java:60)
at Collections.reverseAString.reverseStringUsingRecurssion(reverseAString.java:60)
at Collections.reverseAString.reverseStringUsingRecurssion(reverseAString.java:60)
at Collections.reverseAString.reverseStringUsingRecurssion(reverseAString.java:60)
at Collections.reverseAString.reverseStringUsingRecurssion(reverseAString.java:60)
at Collections.reverseAString.reverseStringUsingRecurssion(reverseAString.java:60)
at Collections.reverseAString.reverseStringUsingRecurssion(reverseAString.java:60)
at Collections.reverseAString.reverseStringUsingRecurssion(reverseAString.java:60)
at Collections.reverseAString.reverseStringUsingRecurssion(reverseAString.java:60)
at Collections.reverseAString.reverseStringUsingRecurssion(reverseAString.java:60)
at Collections.reverseAString.reverseStringUsingRecurssion(reverseAString.java:60)
at Collections.reverseAString.reverseStringUsingRecurssion(reverseAString.java:60)
at Collections.reverseAString.reverseStringUsingRecurssion(reverseAString.java:60)
at Collections.reverseAString.reverseStringUsingRecurssion(reverseAString.java:60)
at Collections.reverseAString.reverseStringUsingRecurssion(reverseAString.java:60)
at Collections.reverseAString.reverseStringUsingRecurssion(reverseAString.java:60)
at Collections.reverseAString.reverseStringUsingRecurssion(reverseAString.java:60)
at Collections.reverseAString.reverseStringUsingRecurssion(reverseAString.java:60)
at Collections.reverseAString.reverseStringUsingRecurssion(reverseAString.java:60)
at Collections.reverseAString.reverseStringUsingRecurssion(reverseAString.java:60)
at Collections.reverseAString.reverseStringUsingRecurssion(reverseAString.java:60)
at Collections.reverseAString.reverseStringUsingRecurssion(reverseAString.java:60)
at Collections.reverseAString.reverseStringUsingRecurssion(reverseAString.java:60)
at Collections.reverseAString.reverseStringUsingRecurssion(reverseAString.java:60)
at Collections.reverseAString.reverseStringUsingRecurssion(reverseAString.java:60)
at Collections.reverseAString.reverseStringUsingRecurssion(reverseAString.java:60)
at Collections.reverseAString.reverseStringUsingRecurssion(reverseAString.java:60)
at Collections.reverseAString.reverseStringUsingRecurssion(reverseAString.java:60)
at Collections.reverseAString.reverseStringUsingRecurssion(reverseAString.java:60)
at Collections.reverseAString.reverseStringUsingRecurssion(reverseAString.java:60)
at Collections.reverseAString.reverseStringUsingRecurssion(reverseAString.java:60)
at Collections.reverseAString.reverseStringUsingRecurssion(reverseAString.java:60)
at Collections.reverseAString.reverseStringUsingRecurssion(reverseAString.java:60)
at Collections.reverseAString.reverseStringUsingRecurssion(reverseAString.java:60)
at Collections.reverseAString.reverseStringUsingRecurssion(reverseAString.java:60)
at Collections.reverseAString.reverseStringUsingRecurssion(reverseAString.java:60)
at Collections.reverseAString.reverseStringUsingRecurssion(reverseAString.java:60)
at Collections.reverseAString.reverseStringUsingRecurssion(reverseAString.java:60)
at Collections.reverseAString.reverseStringUsingRecurssion(reverseAString.java:60)
at Collections.reverseAString.reverseStringUsingRecurssion(reverseAString.java:60)
at Collections.reverseAString.reverseStringUsingRecurssion(reverseAString.java:60)
at Collections.reverseAString.reverseStringUsingRecurssion(reverseAString.java:60)
at Collections.reverseAString.reverseStringUsingRecurssion(reverseAString.java:60)
at Collections.reverseAString.reverseStringUsingRecurssion(reverseAString.java:60)
at Collections.reverseAString.reverseStringUsingRecurssion(reverseAString.java:60)
at Collections.reverseAString.reverseStringUsingRecurssion(reverseAString.java:60)
at Collections.reverseAString.reverseStringUsingRecurssion(reverseAString.java:60)
at Collections.reverseAString.reverseStringUsingRecurssion(reverseAString.java:60)
at Collections.reverseAString.reverseStringUsingRecurssion(reverseAString.java:60)
at Collections.reverseAString.reverseStringUsingRecurssion(reverseAString.java:60)
at Collections.reverseAString.reverseStringUsingRecurssion(reverseAString.java:60)
at Collections.reverseAString.reverseStringUsingRecurssion(reverseAString.java:60)
at Collections.reverseAString.reverseStringUsingRecurssion(reverseAString.java:60)
at Collections.reverseAString.reverseStringUsingRecurssion(reverseAString.java:60)
at Collections.reverseAString.reverseStringUsingRecurssion(reverseAString.java:60)
at Collections.reverseAString.reverseStringUsingRecurssion(reverseAString.java:60)
at Collections.reverseAString.reverseStringUsingRecurssion(reverseAString.java:60)
at Collections.reverseAString.reverseStringUsingRecurssion(reverseAString.java:60)
at Collections.reverseAString.reverseStringUsingRecurssion(reverseAString.java:60)
at Collections.reverseAString.reverseStringUsingRecurssion(reverseAString.java:60)
at Collections.reverseAString.reverseStringUsingRecurssion(reverseAString.java:60)
at Collections.reverseAString.reverseStringUsingRecurssion(reverseAString.java:60)
at Collections.reverseAString.reverseStringUsingRecurssion(reverseAString.java:60)
at Collections.reverseAString.reverseStringUsingRecurssion(reverseAString.java:60)
at Collections.reverseAString.reverseStringUsingRecurssion(reverseAString.java:60)
at Collections.reverseAString.reverseStringUsingRecurssion(reverseAString.java:60)
at Collections.reverseAString.reverseStringUsingRecurssion(reverseAString.java:60)
at Collections.reverseAString.reverseStringUsingRecurssion(reverseAString.java:60)
at Collections.reverseAString.reverseStringUsingRecurssion(reverseAString.java:60)
at Collections.reverseAString.reverseStringUsingRecurssion(reverseAString.java:60)
at Collections.reverseAString.reverseStringUsingRecurssion(reverseAString.java:60)
at Collections.reverseAString.reverseStringUsingRecurssion(reverseAString.java:60)
at Collections.reverseAString.reverseStringUsingRecurssion(reverseAString.java:60)
at Collections.reverseAString.reverseStringUsingRecurssion(reverseAString.java:60)
at Collections.reverseAString.reverseStringUsingRecurssion(reverseAString.java:60)
at Collections.reverseAString.reverseStringUsingRecurssion(reverseAString.java:60)
at Collections.reverseAString.reverseStringUsingRecurssion(reverseAString.java:60)
at Collections.reverseAString.reverseStringUsingRecurssion(reverseAString.java:60)
at Collections.reverseAString.reverseStringUsingRecurssion(reverseAString.java:60)
at Collections.reverseAString.reverseStringUsingRecurssion(reverseAString.java:60)
at Collections.reverseAString.reverseStringUsingRecurssion(reverseAString.java:60)
at Collections.reverseAString.reverseStringUsingRecurssion(reverseAString.java:60)
at Collections.reverseAString.reverseStringUsingRecurssion(reverseAString.java:60)
at Collections.reverseAString.reverseStringUsingRecurssion(reverseAString.java:60)
at Collections.reverseAString.reverseStringUsingRecurssion(reverseAString.java:60)
at Collections.reverseAString.reverseStringUsingRecurssion(reverseAString.java:60)
at Collections.reverseAString.reverseStringUsingRecurssion(reverseAString.java:60)
at Collections.reverseAString.reverseStringUsingRecurssion(reverseAString.java:60)
at Collections.reverseAString.reverseStringUsingRecurssion(reverseAString.java:60)
at Collections.reverseAString.reverseStringUsingRecurssion(reverseAString.java:60)
at Collections.reverseAString.reverseStringUsingRecurssion(reverseAString.java:60)
at Collections.reverseAString.reverseStringUsingRecurssion(reverseAString.java:60)
at Collections.reverseAString.reverseStringUsingRecurssion(reverseAString.java:60)
at Collections.reverseAString.reverseStringUsingRecurssion(reverseAString.java:60)
at Collections.reverseAString.reverseStringUsingRecurssion(reverseAString.java:60)
at Collections.reverseAString.reverseStringUsingRecurssion(reverseAString.java:60)
at Collections.reverseAString.reverseStringUsingRecurssion(reverseAString.java:60)
at Collections.reverseAString.reverseStringUsingRecurssion(reverseAString.java:60)
at Collections.reverseAString.reverseStringUsingRecurssion(reverseAString.java:60)
at Collections.reverseAString.reverseStringUsingRecurssion(reverseAString.java:60)
at Collections.reverseAString.reverseStringUsingRecurssion(reverseAString.java:60)
at Collections.reverseAString.reverseStringUsingRecurssion(reverseAString.java:60)
at Collections.reverseAString.reverseStringUsingRecurssion(reverseAString.java:60)
at Collections.reverseAString.reverseStringUsingRecurssion(reverseAString.java:60)
at Collections.reverseAString.reverseStringUsingRecurssion(reverseAString.java:60)
at Collections.reverseAString.reverseStringUsingRecurssion(reverseAString.java:60)
at Collections.reverseAString.reverseStringUsingRecurssion(reverseAString.java:60)
at Collections.reverseAString.reverseStringUsingRecurssion(reverseAString.java:60)
at Collections.reverseAString.reverseStringUsingRecurssion(reverseAString.java:60)
at Collections.reverseAString.reverseStringUsingRecurssion(reverseAString.java:60)
at Collections.reverseAString.reverseStringUsingRecurssion(reverseAString.java:60)
at Collections.reverseAString.reverseStringUsingRecurssion(reverseAString.java:60)
at Collections.reverseAString.reverseStringUsingRecurssion(reverseAString.java:60)
at Collections.reverseAString.reverseStringUsingRecurssion(reverseAString.java:60)
at Collections.reverseAString.reverseStringUsingRecurssion(reverseAString.java:60)
at Collections.reverseAString.reverseStringUsingRecurssion(reverseAString.java:60)
at Collections.reverseAString.reverseStringUsingRecurssion(reverseAString.java:60)
at Collections.reverseAString.reverseStringUsingRecurssion(reverseAString.java:60)
at Collections.reverseAString.reverseStringUsingRecurssion(reverseAString.java:60)
at Collections.reverseAString.reverseStringUsingRecurssion(reverseAString.java:60)
at Collections.reverseAString.reverseStringUsingRecurssion(reverseAString.java:60)
at Collections.reverseAString.reverseStringUsingRecurssion(reverseAString.java:60)
at Collections.reverseAString.reverseStringUsingRecurssion(reverseAString.java:60)
at Collections.reverseAString.reverseStringUsingRecurssion(reverseAString.java:60)
at Collections.reverseAString.reverseStringUsingRecurssion(reverseAString.java:60)
at Collections.reverseAString.reverseStringUsingRecurssion(reverseAString.java:60)
at Collections.reverseAString.reverseStringUsingRecurssion(reverseAString.java:60)
at Collections.reverseAString.reverseStringUsingRecurssion(reverseAString.java:60)
at Collections.reverseAString.reverseStringUsingRecurssion(reverseAString.java:60)
at Collections.reverseAString.reverseStringUsingRecurssion(reverseAString.java:60)
at Collections.reverseAString.reverseStringUsingRecurssion(reverseAString.java:60)
at Collections.reverseAString.reverseStringUsingRecurssion(reverseAString.java:60)
at Collections.reverseAString.reverseStringUsingRecurssion(reverseAString.java:60)
at Collections.reverseAString.reverseStringUsingRecurssion(reverseAString.java:60)
at Collections.reverseAString.reverseStringUsingRecurssion(reverseAString.java:60)
at Collections.reverseAString.reverseStringUsingRecurssion(reverseAString.java:60)
at Collections.reverseAString.reverseStringUsingRecurssion(reverseAString.java:60)
at Collections.reverseAString.reverseStringUsingRecurssion(reverseAString.java:60)
at Collections.reverseAString.reverseStringUsingRecurssion(reverseAString.java:60)
at Collections.reverseAString.reverseStringUsingRecurssion(reverseAString.java:60)
at Collections.reverseAString.reverseStringUsingRecurssion(reverseAString.java:60)
at Collections.reverseAString.reverseStringUsingRecurssion(reverseAString.java:60)
at Collections.reverseAString.reverseStringUsingRecurssion(reverseAString.java:60)
at Collections.reverseAString.reverseStringUsingRecurssion(reverseAString.java:60)
at Collections.reverseAString.reverseStringUsingRecurssion(reverseAString.java:60)
at Collections.reverseAString.reverseStringUsingRecurssion(reverseAString.java:60)
at Collections.reverseAString.reverseStringUsingRecurssion(reverseAString.java:60)
at Collections.reverseAString.reverseStringUsingRecurssion(reverseAString.java:60)
at Collections.reverseAString.reverseStringUsingRecurssion(reverseAString.java:60)
at Collections.reverseAString.reverseStringUsingRecurssion(reverseAString.java:60)
at Collections.reverseAString.reverseStringUsingRecurssion(reverseAString.java:60)
at Collections.reverseAString.reverseStringUsingRecurssion(reverseAString.java:60)
at Collections.reverseAString.reverseStringUsingRecurssion(reverseAString.java:60)
at Collections.reverseAString.reverseStringUsingRecurssion(reverseAString.java:60)
at Collections.reverseAString.reverseStringUsingRecurssion(reverseAString.java:60)
at Collections.reverseAString.reverseStringUsingRecurssion(reverseAString.java:60)
at Collections.reverseAString.reverseStringUsingRecurssion(reverseAString.java:60)
at Collections.reverseAString.reverseStringUsingRecurssion(reverseAString.java:60)
at Collections.reverseAString.reverseStringUsingRecurssion(reverseAString.java:60)
at Collections.reverseAString.reverseStringUsingRecurssion(reverseAString.java:60)
at Collections.reverseAString.reverseStringUsingRecurssion(reverseAString.java:60)
at Collections.reverseAString.reverseStringUsingRecurssion(reverseAString.java:60)
at Collections.reverseAString.reverseStringUsingRecurssion(reverseAString.java:60)
at Collections.reverseAString.reverseStringUsingRecurssion(reverseAString.java:60)
at Collections.reverseAString.reverseStringUsingRecurssion(reverseAString.java:60)
at Collections.reverseAString.reverseStringUsingRecurssion(reverseAString.java:60)
at Collections.reverseAString.reverseStringUsingRecurssion(reverseAString.java:60)
at Collections.reverseAString.reverseStringUsingRecurssion(reverseAString.java:60)
at Collections.reverseAString.reverseStringUsingRecurssion(reverseAString.java:60)
at Collections.reverseAString.reverseStringUsingRecurssion(reverseAString.java:60)
at Collections.reverseAString.reverseStringUsingRecurssion(reverseAString.java:60)
at Collections.reverseAString.reverseStringUsingRecurssion(reverseAString.java:60)
at Collections.reverseAString.reverseStringUsingRecurssion(reverseAString.java:60)
at Collections.reverseAString.reverseStringUsingRecurssion(reverseAString.java:60)
at Collections.reverseAString.reverseStringUsingRecurssion(reverseAString.java:60)
at Collections.reverseAString.reverseStringUsingRecurssion(reverseAString.java:60)
at Collections.reverseAString.reverseStringUsingRecurssion(reverseAString.java:60)
at Collections.reverseAString.reverseStringUsingRecurssion(reverseAString.java:60)
at Collections.reverseAString.reverseStringUsingRecurssion(reverseAString.java:60)
at Collections.reverseAString.reverseStringUsingRecurssion(reverseAString.java:60)
at Collections.reverseAString.reverseStringUsingRecurssion(reverseAString.java:60)
at Collections.reverseAString.reverseStringUsingRecurssion(reverseAString.java:60)
at Collections.reverseAString.reverseStringUsingRecurssion(reverseAString.java:60)
at Collections.reverseAString.reverseStringUsingRecurssion(reverseAString.java:60)
at Collections.reverseAString.reverseStringUsingRecurssion(reverseAString.java:60)
at Collections.reverseAString.reverseStringUsingRecurssion(reverseAString.java:60)
at Collections.reverseAString.reverseStringUsingRecurssion(reverseAString.java:60)
at Collections.reverseAString.reverseStringUsingRecurssion(reverseAString.java:60)
at Collections.reverseAString.reverseStringUsingRecurssion(reverseAString.java:60)
at Collections.reverseAString.reverseStringUsingRecurssion(reverseAString.java:60)
at Collections.reverseAString.reverseStringUsingRecurssion(reverseAString.java:60)
at Collections.reverseAString.reverseStringUsingRecurssion(reverseAString.java:60)
at Collections.reverseAString.reverseStringUsingRecurssion(reverseAString.java:60)
at Collections.reverseAString.reverseStringUsingRecurssion(reverseAString.java:60)
at Collections.reverseAString.reverseStringUsingRecurssion(reverseAString.java:60)
at Collections.reverseAString.reverseStringUsingRecurssion(reverseAString.java:60)
at Collections.reverseAString.reverseStringUsingRecurssion(reverseAString.java:60)
at Collections.reverseAString.reverseStringUsingRecurssion(reverseAString.java:60)
at Collections.reverseAString.reverseStringUsingRecurssion(reverseAString.java:60)
at Collections.reverseAString.reverseStringUsingRecurssion(reverseAString.java:60)
at Collections.reverseAString.reverseStringUsingRecurssion(reverseAString.java:60)
at Collections.reverseAString.reverseStringUsingRecurssion(reverseAString.java:60)
at Collections.reverseAString.reverseStringUsingRecurssion(reverseAString.java:60)
at Collections.reverseAString.reverseStringUsingRecurssion(reverseAString.java:60)
at Collections.reverseAString.reverseStringUsingRecurssion(reverseAString.java:60)
at Collections.reverseAString.reverseStringUsingRecurssion(reverseAString.java:60)
at Collections.reverseAString.reverseStringUsingRecurssion(reverseAString.java:60)
at Collections.reverseAString.reverseStringUsingRecurssion(reverseAString.java:60)
at Collections.reverseAString.reverseStringUsingRecurssion(reverseAString.java:60)
at Collections.reverseAString.reverseStringUsingRecurssion(reverseAString.java:60)
at Collections.reverseAString.reverseStringUsingRecurssion(reverseAString.java:60)
at Collections.reverseAString.reverseStringUsingRecurssion(reverseAString.java:60)
at Collections.reverseAString.reverseStringUsingRecurssion(reverseAString.java:60)
at Collections.reverseAString.reverseStringUsingRecurssion(reverseAString.java:60)
at Collections.reverseAString.reverseStringUsingRecurssion(reverseAString.java:60)
at Collections.reverseAString.reverseStringUsingRecurssion(reverseAString.java:60)
at Collections.reverseAString.reverseStringUsingRecurssion(reverseAString.java:60)
at Collections.reverseAString.reverseStringUsingRecurssion(reverseAString.java:60)
at Collections.reverseAString.reverseStringUsingRecurssion(reverseAString.java:60)
at Collections.reverseAString.reverseStringUsingRecurssion(reverseAString.java:60)
at Collections.reverseAString.reverseStringUsingRecurssion(reverseAString.java:60)
at Collections.reverseAString.reverseStringUsingRecurssion(reverseAString.java:60)
at Collections.reverseAString.reverseStringUsingRecurssion(reverseAString.java:60)
at Collections.reverseAString.reverseStringUsingRecurssion(reverseAString.java:60)
at Collections.reverseAString.reverseStringUsingRecurssion(reverseAString.java:60)
at Collections.reverseAString.reverseStringUsingRecurssion(reverseAString.java:60)
at Collections.reverseAString.reverseStringUsingRecurssion(reverseAString.java:60)
at Collections.reverseAString.reverseStringUsingRecurssion(reverseAString.java:60)
at Collections.reverseAString.reverseStringUsingRecurssion(reverseAString.java:60)
at Collections.reverseAString.reverseStringUsingRecurssion(reverseAString.java:60)
at Collections.reverseAString.reverseStringUsingRecurssion(reverseAString.java:60)
at Collections.reverseAString.reverseStringUsingRecurssion(reverseAString.java:60)
at Collections.reverseAString.reverseStringUsingRecurssion(reverseAString.java:60)
at Collections.reverseAString.reverseStringUsingRecurssion(reverseAString.java:60)
at Collections.reverseAString.reverseStringUsingRecurssion(reverseAString.java:60)
at Collections.reverseAString.reverseStringUsingRecurssion(reverseAString.java:60)
at Collections.reverseAString.reverseStringUsingRecurssion(reverseAString.java:60)
at Collections.reverseAString.reverseStringUsingRecurssion(reverseAString.java:60)
at Collections.reverseAString.reverseStringUsingRecurssion(reverseAString.java:60)
at Collections.reverseAString.reverseStringUsingRecurssion(reverseAString.java:60)
at Collections.reverseAString.reverseStringUsingRecurssion(reverseAString.java:60)
at Collections.reverseAString.reverseStringUsingRecurssion(reverseAString.java:60)
at Collections.reverseAString.reverseStringUsingRecurssion(reverseAString.java:60)
at Collections.reverseAString.reverseStringUsingRecurssion(reverseAString.java:60)
at Collections.reverseAString.reverseStringUsingRecurssion(reverseAString.java:60)
at Collections.reverseAString.reverseStringUsingRecurssion(reverseAString.java:60)
at Collections.reverseAString.reverseStringUsingRecurssion(reverseAString.java:60)
at Collections.reverseAString.reverseStringUsingRecurssion(reverseAString.java:60)
at Collections.reverseAString.reverseStringUsingRecurssion(reverseAString.java:60)
at Collections.reverseAString.reverseStringUsingRecurssion(reverseAString.java:60)
at Collections.reverseAString.reverseStringUsingRecurssion(reverseAString.java:60)
at Collections.reverseAString.reverseStringUsingRecurssion(reverseAString.java:60)
at Collections.reverseAString.reverseStringUsingRecurssion(reverseAString.java:60)
at Collections.reverseAString.reverseStringUsingRecurssion(reverseAString.java:60)
at Collections.reverseAString.reverseStringUsingRecurssion(reverseAString.java:60)
at Collections.reverseAString.reverseStringUsingRecurssion(reverseAString.java:60)
at Collections.reverseAString.reverseStringUsingRecurssion(reverseAString.java:60)
at Collections.reverseAString.reverseStringUsingRecurssion(reverseAString.java:60)
at Collections.reverseAString.reverseStringUsingRecurssion(reverseAString.java:60)
at Collections.reverseAString.reverseStringUsingRecurssion(reverseAString.java:60)
at Collections.reverseAString.reverseStringUsingRecurssion(reverseAString.java:60)
at Collections.reverseAString.reverseStringUsingRecurssion(reverseAString.java:60)
at Collections.reverseAString.reverseStringUsingRecurssion(reverseAString.java:60)
at Collections.reverseAString.reverseStringUsingRecurssion(reverseAString.java:60)
at Collections.reverseAString.reverseStringUsingRecurssion(reverseAString.java:60)
at Collections.reverseAString.reverseStringUsingRecurssion(reverseAString.java:60)
at Collections.reverseAString.reverseStringUsingRecurssion(reverseAString.java:60)
at Collections.reverseAString.reverseStringUsingRecurssion(reverseAString.java:60)
at Collections.reverseAString.reverseStringUsingRecurssion(reverseAString.java:60)
at Collections.reverseAString.reverseStringUsingRecurssion(reverseAString.java:60)
at Collections.reverseAString.reverseStringUsingRecurssion(reverseAString.java:60)
at Collections.reverseAString.reverseStringUsingRecurssion(reverseAString.java:60)
at Collections.reverseAString.reverseStringUsingRecurssion(reverseAString.java:60)
at Collections.reverseAString.reverseStringUsingRecurssion(reverseAString.java:60)
at Collections.reverseAString.reverseStringUsingRecurssion(reverseAString.java:60)
at Collections.reverseAString.reverseStringUsingRecurssion(reverseAString.java:60)
at Collections.reverseAString.reverseStringUsingRecurssion(reverseAString.java:60)
at Collections.reverseAString.reverseStringUsingRecurssion(reverseAString.java:60)
at Collections.reverseAString.reverseStringUsingRecurssion(reverseAString.java:60)
at Collections.reverseAString.reverseStringUsingRecurssion(reverseAString.java:60)
at Collections.reverseAString.reverseStringUsingRecurssion(reverseAString.java:60)
at Collections.reverseAString.reverseStringUsingRecurssion(reverseAString.java:60)
at Collections.reverseAString.reverseStringUsingRecurssion(reverseAString.java:60)
at Collections.reverseAString.reverseStringUsingRecurssion(reverseAString.java:60)
at Collections.reverseAString.reverseStringUsingRecurssion(reverseAString.java:60)
at Collections.reverseAString.reverseStringUsingRecurssion(reverseAString.java:60)
at Collections.reverseAString.reverseStringUsingRecurssion(reverseAString.java:60)
at Collections.reverseAString.reverseStringUsingRecurssion(reverseAString.java:60)
at Collections.reverseAString.reverseStringUsingRecurssion(reverseAString.java:60)
at Collections.reverseAString.reverseStringUsingRecurssion(reverseAString.java:60)
at Collections.reverseAString.reverseStringUsingRecurssion(reverseAString.java:60)
at Collections.reverseAString.reverseStringUsingRecurssion(reverseAString.java:60)
at Collections.reverseAString.reverseStringUsingRecurssion(reverseAString.java:60)
at Collections.reverseAString.reverseStringUsingRecurssion(reverseAString.java:60)
at Collections.reverseAString.reverseStringUsingRecurssion(reverseAString.java:60)
at Collections.reverseAString.reverseStringUsingRecurssion(reverseAString.java:60)
at Collections.reverseAString.reverseStringUsingRecurssion(reverseAString.java:60)
at Collections.reverseAString.reverseStringUsingRecurssion(reverseAString.java:60)
at Collections.reverseAString.reverseStringUsingRecurssion(reverseAString.java:60)
at Collections.reverseAString.reverseStringUsingRecurssion(reverseAString.java:60)
at Collections.reverseAString.reverseStringUsingRecurssion(reverseAString.java:60)
at Collections.reverseAString.reverseStringUsingRecurssion(reverseAString.java:60)
at Collections.reverseAString.reverseStringUsingRecurssion(reverseAString.java:60)
at Collections.reverseAString.reverseStringUsingRecurssion(reverseAString.java:60)
at Collections.reverseAString.reverseStringUsingRecurssion(reverseAString.java:60)
at Collections.reverseAString.reverseStringUsingRecurssion(reverseAString.java:60)
at Collections.reverseAString.reverseStringUsingRecurssion(reverseAString.java:60)
at Collections.reverseAString.reverseStringUsingRecurssion(reverseAString.java:60)
at Collections.reverseAString.reverseStringUsingRecurssion(reverseAString.java:60)
at Collections.reverseAString.reverseStringUsingRecurssion(reverseAString.java:60)
at Collections.reverseAString.reverseStringUsingRecurssion(reverseAString.java:60)
at Collections.reverseAString.reverseStringUsingRecurssion(reverseAString.java:60)
at Collections.reverseAString.reverseStringUsingRecurssion(reverseAString.java:60)
at Collections.reverseAString.reverseStringUsingRecurssion(reverseAString.java:60)
at Collections.reverseAString.reverseStringUsingRecurssion(reverseAString.java:60)
at Collections.reverseAString.reverseStringUsingRecurssion(reverseAString.java:60)
at Collections.reverseAString.reverseStringUsingRecurssion(reverseAString.java:60)
at Collections.reverseAString.reverseStringUsingRecurssion(reverseAString.java:60)
at Collections.reverseAString.reverseStringUsingRecurssion(reverseAString.java:60)
at Collections.reverseAString.reverseStringUsingRecurssion(reverseAString.java:60)
at Collections.reverseAString.reverseStringUsingRecurssion(reverseAString.java:60)
at Collections.reverseAString.reverseStringUsingRecurssion(reverseAString.java:60)
at Collections.reverseAString.reverseStringUsingRecurssion(reverseAString.java:60)
at Collections.reverseAString.reverseStringUsingRecurssion(reverseAString.java:60)
at Collections.reverseAString.reverseStringUsingRecurssion(reverseAString.java:60)
at Collections.reverseAString.reverseStringUsingRecurssion(reverseAString.java:60)
at Collections.reverseAString.reverseStringUsingRecurssion(reverseAString.java:60)
at Collections.reverseAString.reverseStringUsingRecurssion(reverseAString.java:60)
at Collections.reverseAString.reverseStringUsingRecurssion(reverseAString.java:60)
at Collections.reverseAString.reverseStringUsingRecurssion(reverseAString.java:60)
at Collections.reverseAString.reverseStringUsingRecurssion(reverseAString.java:60)
at Collections.reverseAString.reverseStringUsingRecurssion(reverseAString.java:60)
at Collections.reverseAString.reverseStringUsingRecurssion(reverseAString.java:60)
at Collections.reverseAString.reverseStringUsingRecurssion(reverseAString.java:60)
at Collections.reverseAString.reverseStringUsingRecurssion(reverseAString.java:60)
at Collections.reverseAString.reverseStringUsingRecurssion(reverseAString.java:60)
at Collections.reverseAString.reverseStringUsingRecurssion(reverseAString.java:60)
at Collections.reverseAString.reverseStringUsingRecurssion(reverseAString.java:60)
at Collections.reverseAString.reverseStringUsingRecurssion(reverseAString.java:60)
at Collections.reverseAString.reverseStringUsingRecurssion(reverseAString.java:60)
at Collections.reverseAString.reverseStringUsingRecurssion(reverseAString.java:60)
at Collections.reverseAString.reverseStringUsingRecurssion(reverseAString.java:60)
at Collections.reverseAString.reverseStringUsingRecurssion(reverseAString.java:60)
at Collections.reverseAString.reverseStringUsingRecurssion(reverseAString.java:60)
at Collections.reverseAString.reverseStringUsingRecurssion(reverseAString.java:60)
at Collections.reverseAString.reverseStringUsingRecurssion(reverseAString.java:60)
at Collections.reverseAString.reverseStringUsingRecurssion(reverseAString.java:60)
at Collections.reverseAString.reverseStringUsingRecurssion(reverseAString.java:60)
at Collections.reverseAString.reverseStringUsingRecurssion(reverseAString.java:60)
at Collections.reverseAString.reverseStringUsingRecurssion(reverseAString.java:60)
at Collections.reverseAString.reverseStringUsingRecurssion(reverseAString.java:60)
at Collections.reverseAString.reverseStringUsingRecurssion(reverseAString.java:60)
at Collections.reverseAString.reverseStringUsingRecurssion(reverseAString.java:60)
at Collections.reverseAString.reverseStringUsingRecurssion(reverseAString.java:60)
at Collections.reverseAString.reverseStringUsingRecurssion(reverseAString.java:60)
at Collections.reverseAString.reverseStringUsingRecurssion(reverseAString.java:60)
at Collections.reverseAString.reverseStringUsingRecurssion(reverseAString.java:60)
at Collections.reverseAString.reverseStringUsingRecurssion(reverseAString.java:60)
at Collections.reverseAString.reverseStringUsingRecurssion(reverseAString.java:60)
at Collections.reverseAString.reverseStringUsingRecurssion(reverseAString.java:60)
at Collections.reverseAString.reverseStringUsingRecurssion(reverseAString.java:60)
at Collections.reverseAString.reverseStringUsingRecurssion(reverseAString.java:60)
at Collections.reverseAString.reverseStringUsingRecurssion(reverseAString.java:60)
at Collections.reverseAString.reverseStringUsingRecurssion(reverseAString.java:60)
at Collections.reverseAString.reverseStringUsingRecurssion(reverseAString.java:60)
at Collections.reverseAString.reverseStringUsingRecurssion(reverseAString.java:60)
at Collections.reverseAString.reverseStringUsingRecurssion(reverseAString.java:60)
at Collections.reverseAString.reverseStringUsingRecurssion(reverseAString.java:60)
at Collections.reverseAString.reverseStringUsingRecurssion(reverseAString.java:60)
at Collections.reverseAString.reverseStringUsingRecurssion(reverseAString.java:60)
at Collections.reverseAString.reverseStringUsingRecurssion(reverseAString.java:60)
at Collections.reverseAString.reverseStringUsingRecurssion(reverseAString.java:60)
at Collections.reverseAString.reverseStringUsingRecurssion(reverseAString.java:60)
at Collections.reverseAString.reverseStringUsingRecurssion(reverseAString.java:60)
at Collections.reverseAString.reverseStringUsingRecurssion(reverseAString.java:60)
at Collections.reverseAString.reverseStringUsingRecurssion(reverseAString.java:60)
at Collections.reverseAString.reverseStringUsingRecurssion(reverseAString.java:60)
at Collections.reverseAString.reverseStringUsingRecurssion(reverseAString.java:60)
at Collections.reverseAString.reverseStringUsingRecurssion(reverseAString.java:60)
at Collections.reverseAString.reverseStringUsingRecurssion(reverseAString.java:60)
at Collections.reverseAString.reverseStringUsingRecurssion(reverseAString.java:60)
at Collections.reverseAString.reverseStringUsingRecurssion(reverseAString.java:60)
at Collections.reverseAString.reverseStringUsingRecurssion(reverseAString.java:60)
at Collections.reverseAString.reverseStringUsingRecurssion(reverseAString.java:60)
at Collections.reverseAString.reverseStringUsingRecurssion(reverseAString.java:60)
at Collections.reverseAString.reverseStringUsingRecurssion(reverseAString.java:60)
at Collections.reverseAString.reverseStringUsingRecurssion(reverseAString.java:60)
at Collections.reverseAString.reverseStringUsingRecurssion(reverseAString.java:60)
at Collections.reverseAString.reverseStringUsingRecurssion(reverseAString.java:60)
at Collections.reverseAString.reverseStringUsingRecurssion(reverseAString.java:60)
at Collections.reverseAString.reverseStringUsingRecurssion(reverseAString.java:60)
at Collections.reverseAString.reverseStringUsingRecurssion(reverseAString.java:60)
at Collections.reverseAString.reverseStringUsingRecurssion(reverseAString.java:60)
at Collections.reverseAString.reverseStringUsingRecurssion(reverseAString.java:60)
at Collections.reverseAString.reverseStringUsingRecurssion(reverseAString.java:60)
at Collections.reverseAString.reverseStringUsingRecurssion(reverseAString.java:60)
at Collections.reverseAString.reverseStringUsingRecurssion(reverseAString.java:60)
at Collections.reverseAString.reverseStringUsingRecurssion(reverseAString.java:60)
at Collections.reverseAString.reverseStringUsingRecurssion(reverseAString.java:60)
at Collections.reverseAString.reverseStringUsingRecurssion(reverseAString.java:60)
at Collections.reverseAString.reverseStringUsingRecurssion(reverseAString.java:60)
at Collections.reverseAString.reverseStringUsingRecurssion(reverseAString.java:60)
at Collections.reverseAString.reverseStringUsingRecurssion(reverseAString.java:60)
at Collections.reverseAString.reverseStringUsingRecurssion(reverseAString.java:60)
at Collections.reverseAString.reverseStringUsingRecurssion(reverseAString.java:60)
at Collections.reverseAString.reverseStringUsingRecurssion(reverseAString.java:60)
at Collections.reverseAString.reverseStringUsingRecurssion(reverseAString.java:60)
at Collections.reverseAString.reverseStringUsingRecurssion(reverseAString.java:60)
at Collections.reverseAString.reverseStringUsingRecurssion(reverseAString.java:60)
at Collections.reverseAString.reverseStringUsingRecurssion(reverseAString.java:60)
at Collections.reverseAString.reverseStringUsingRecurssion(reverseAString.java:60)
at Collections.reverseAString.reverseStringUsingRecurssion(reverseAString.java:60)
at Collections.reverseAString.reverseStringUsingRecurssion(reverseAString.java:60)
at Collections.reverseAString.reverseStringUsingRecurssion(reverseAString.java:60)
at Collections.reverseAString.reverseStringUsingRecurssion(reverseAString.java:60)
at Collections.reverseAString.reverseStringUsingRecurssion(reverseAString.java:60)
at Collections.reverseAString.reverseStringUsingRecurssion(reverseAString.java:60)
at Collections.reverseAString.reverseStringUsingRecurssion(reverseAString.java:60)
at Collections.reverseAString.reverseStringUsingRecurssion(reverseAString.java:60)
at Collections.reverseAString.reverseStringUsingRecurssion(reverseAString.java:60)
at Collections.reverseAString.reverseStringUsingRecurssion(reverseAString.java:60)
at Collections.reverseAString.reverseStringUsingRecurssion(reverseAString.java:60)
at Collections.reverseAString.reverseStringUsingRecurssion(reverseAString.java:60)
at Collections.reverseAString.reverseStringUsingRecurssion(reverseAString.java:60)
at Collections.reverseAString.reverseStringUsingRecurssion(reverseAString.java:60)
at Collections.reverseAString.reverseStringUsingRecurssion(reverseAString.java:60)
at Collections.reverseAString.reverseStringUsingRecurssion(reverseAString.java:60)
at Collections.reverseAString.reverseStringUsingRecurssion(reverseAString.java:60)
at Collections.reverseAString.reverseStringUsingRecurssion(reverseAString.java:60)
at Collections.reverseAString.reverseStringUsingRecurssion(reverseAString.java:60)
at Collections.reverseAString.reverseStringUsingRecurssion(reverseAString.java:60)
at Collections.reverseAString.reverseStringUsingRecurssion(reverseAString.java:60)
at Collections.reverseAString.reverseStringUsingRecurssion(reverseAString.java:60)
at Collections.reverseAString.reverseStringUsingRecurssion(reverseAString.java:60)
at Collections.reverseAString.reverseStringUsingRecurssion(reverseAString.java:60)
at Collections.reverseAString.reverseStringUsingRecurssion(reverseAString.java:60)
at Collections.reverseAString.reverseStringUsingRecurssion(reverseAString.java:60)
at Collections.reverseAString.reverseStringUsingRecurssion(reverseAString.java:60)
at Collections.reverseAString.reverseStringUsingRecurssion(reverseAString.java:60)
at Collections.reverseAString.reverseStringUsingRecurssion(reverseAString.java:60)
at Collections.reverseAString.reverseStringUsingRecurssion(reverseAString.java:60)
at Collections.reverseAString.reverseStringUsingRecurssion(reverseAString.java:60)
at Collections.reverseAString.reverseStringUsingRecurssion(reverseAString.java:60)
at Collections.reverseAString.reverseStringUsingRecurssion(reverseAString.java:60)
at Collections.reverseAString.reverseStringUsingRecurssion(reverseAString.java:60)
at Collections.reverseAString.reverseStringUsingRecurssion(reverseAString.java:60)
at Collections.reverseAString.reverseStringUsingRecurssion(reverseAString.java:60)
at Collections.reverseAString.reverseStringUsingRecurssion(reverseAString.java:60)
at Collections.reverseAString.reverseStringUsingRecurssion(reverseAString.java:60)
at Collections.reverseAString.reverseStringUsingRecurssion(reverseAString.java:60)
at Collections.reverseAString.reverseStringUsingRecurssion(reverseAString.java:60)
at Collections.reverseAString.reverseStringUsingRecurssion(reverseAString.java:60)
at Collections.reverseAString.reverseStringUsingRecurssion(reverseAString.java:60)
at Collections.reverseAString.reverseStringUsingRecurssion(reverseAString.java:60)
at Collections.reverseAString.reverseStringUsingRecurssion(reverseAString.java:60)
at Collections.reverseAString.reverseStringUsingRecurssion(reverseAString.java:60)
at Collections.reverseAString.reverseStringUsingRecurssion(reverseAString.java:60)
at Collections.reverseAString.reverseStringUsingRecurssion(reverseAString.java:60)
at Collections.reverseAString.reverseStringUsingRecurssion(reverseAString.java:60)
at Collections.reverseAString.reverseStringUsingRecurssion(reverseAString.java:60)
at Collections.reverseAString.reverseStringUsingRecurssion(reverseAString.java:60)
at Collections.reverseAString.reverseStringUsingRecurssion(reverseAString.java:60)
at Collections.reverseAString.reverseStringUsingRecurssion(reverseAString.java:60)
at Collections.reverseAString.reverseStringUsingRecurssion(reverseAString.java:60)
at Collections.reverseAString.reverseStringUsingRecurssion(reverseAString.java:60)
at Collections.reverseAString.reverseStringUsingRecurssion(reverseAString.java:60)
at Collections.reverseAString.reverseStringUsingRecurssion(reverseAString.java:60)
at Collections.reverseAString.reverseStringUsingRecurssion(reverseAString.java:60)
at Collections.reverseAString.reverseStringUsingRecurssion(reverseAString.java:60)
at Collections.reverseAString.reverseStringUsingRecurssion(reverseAString.java:60)
at Collections.reverseAString.reverseStringUsingRecurssion(reverseAString.java:60)
at Collections.reverseAString.reverseStringUsingRecurssion(reverseAString.java:60)
at Collections.reverseAString.reverseStringUsingRecurssion(reverseAString.java:60)
at Collections.reverseAString.reverseStringUsingRecurssion(reverseAString.java:60)
at Collections.reverseAString.reverseStringUsingRecurssion(reverseAString.java:60)
at Collections.reverseAString.reverseStringUsingRecurssion(reverseAString.java:60)
at Collections.reverseAString.reverseStringUsingRecurssion(reverseAString.java:60)
at Collections.reverseAString.reverseStringUsingRecurssion(reverseAString.java:60)
at Collections.reverseAString.reverseStringUsingRecurssion(reverseAString.java:60)
at Collections.reverseAString.reverseStringUsingRecurssion(reverseAString.java:60)
at Collections.reverseAString.reverseStringUsingRecurssion(reverseAString.java:60)
at Collections.reverseAString.reverseStringUsingRecurssion(reverseAString.java:60)
at Collections.reverseAString.reverseStringUsingRecurssion(reverseAString.java:60)
at Collections.reverseAString.reverseStringUsingRecurssion(reverseAString.java:60)
at Collections.reverseAString.reverseStringUsingRecurssion(reverseAString.java:60)
at Collections.reverseAString.reverseStringUsingRecurssion(reverseAString.java:60)
at Collections.reverseAString.reverseStringUsingRecurssion(reverseAString.java:60)
at Collections.reverseAString.reverseStringUsingRecurssion(reverseAString.java:60)
at Collections.reverseAString.reverseStringUsingRecurssion(reverseAString.java:60)
at Collections.reverseAString.reverseStringUsingRecurssion(reverseAString.java:60)
at Collections.reverseAString.reverseStringUsingRecurssion(reverseAString.java:60)
at Collections.reverseAString.reverseStringUsingRecurssion(reverseAString.java:60)
at Collections.reverseAString.reverseStringUsingRecurssion(reverseAString.java:60)
at Collections.reverseAString.reverseStringUsingRecurssion(reverseAString.java:60)
at Collections.reverseAString.reverseStringUsingRecurssion(reverseAString.java:60)
at Collections.reverseAString.reverseStringUsingRecurssion(reverseAString.java:60)
at Collections.reverseAString.reverseStringUsingRecurssion(reverseAString.java:60)
at Collections.reverseAString.reverseStringUsingRecurssion(reverseAString.java:60)
at Collections.reverseAString.reverseStringUsingRecurssion(reverseAString.java:60)
at Collections.reverseAString.reverseStringUsingRecurssion(reverseAString.java:60)
at Collections.reverseAString.reverseStringUsingRecurssion(reverseAString.java:60)
at Collections.reverseAString.reverseStringUsingRecurssion(reverseAString.java:60)
at Collections.reverseAString.reverseStringUsingRecurssion(reverseAString.java:60)
at Collections.reverseAString.reverseStringUsingRecurssion(reverseAString.java:60)
at Collections.reverseAString.reverseStringUsingRecurssion(reverseAString.java:60)
at Collections.reverseAString.reverseStringUsingRecurssion(reverseAString.java:60)
at Collections.reverseAString.reverseStringUsingRecurssion(reverseAString.java:60)
at Collections.reverseAString.reverseStringUsingRecurssion(reverseAString.java:60)
at Collections.reverseAString.reverseStringUsingRecurssion(reverseAString.java:60)
at Collections.reverseAString.reverseStringUsingRecurssion(reverseAString.java:60)
at Collections.reverseAString.reverseStringUsingRecurssion(reverseAString.java:60)
at Collections.reverseAString.reverseStringUsingRecurssion(reverseAString.java:60)
at Collections.reverseAString.reverseStringUsingRecurssion(reverseAString.java:60)
at Collections.reverseAString.reverseStringUsingRecurssion(reverseAString.java:60)
at Collections.reverseAString.reverseStringUsingRecurssion(reverseAString.java:60)
at Collections.reverseAString.reverseStringUsingRecurssion(reverseAString.java:60)
at Collections.reverseAString.reverseStringUsingRecurssion(reverseAString.java:60)
at Collections.reverseAString.reverseStringUsingRecurssion(reverseAString.java:60)
at Collections.reverseAString.reverseStringUsingRecurssion(reverseAString.java:60)
at Collections.reverseAString.reverseStringUsingRecurssion(reverseAString.java:60)
at Collections.reverseAString.reverseStringUsingRecurssion(reverseAString.java:60)
at Collections.reverseAString.reverseStringUsingRecurssion(reverseAString.java:60)
at Collections.reverseAString.reverseStringUsingRecurssion(reverseAString.java:60)
at Collections.reverseAString.reverseStringUsingRecurssion(reverseAString.java:60)
at Collections.reverseAString.reverseStringUsingRecurssion(reverseAString.java:60)
at Collections.reverseAString.reverseStringUsingRecurssion(reverseAString.java:60)
at Collections.reverseAString.reverseStringUsingRecurssion(reverseAString.java:60)
at Collections.reverseAString.reverseStringUsingRecurssion(reverseAString.java:60)
at Collections.reverseAString.reverseStringUsingRecurssion(reverseAString.java:60)
at Collections.reverseAString.reverseStringUsingRecurssion(reverseAString.java:60)
at Collections.reverseAString.reverseStringUsingRecurssion(reverseAString.java:60)
at Collections.reverseAString.reverseStringUsingRecurssion(reverseAString.java:60)
at Collections.reverseAString.reverseStringUsingRecurssion(reverseAString.java:60)
at Collections.reverseAString.reverseStringUsingRecurssion(reverseAString.java:60)
at Collections.reverseAString.reverseStringUsingRecurssion(reverseAString.java:60)
]]>
    </error>
  </testcase> <!-- reverseStringUsingRecurssion -->
</testsuite> <!-- Collections.reverseAString -->
