<?xml version="1.0" encoding="UTF-8"?>
<!-- Generated by org.testng.reporters.JUnitReportReporter -->
<testsuite hostname="DESKTOP-D4N01GG" failures="0" tests="1" name="tekPyramidPrograms.reverseAString" time="0.013" errors="1" timestamp="2026-02-14T12:32:36 PST" skipped="0">
  <testcase classname="tekPyramidPrograms.reverseAString" name="reverseStringUsingRecurssion" time="0.013">
    <error type="java.lang.StackOverflowError">
      <![CDATA[java.lang.StackOverflowError
at java.base/java.lang.StringLatin1.toChars(StringLatin1.java:75)
at java.base/java.lang.String.toCharArray(String.java:4098)
at tekPyramidPrograms.reverseAString.reverseStringUsingRecurssion(reverseAString.java:58)
at tekPyramidPrograms.reverseAString.reverseStringUsingRecurssion(reverseAString.java:60)
at tekPyramidPrograms.reverseAString.reverseStringUsingRecurssion(reverseAString.java:60)
at tekPyramidPrograms.reverseAString.reverseStringUsingRecurssion(reverseAString.java:60)
at tekPyramidPrograms.reverseAString.reverseStringUsingRecurssion(reverseAString.java:60)
at tekPyramidPrograms.reverseAString.reverseStringUsingRecurssion(reverseAString.java:60)
at tekPyramidPrograms.reverseAString.reverseStringUsingRecurssion(reverseAString.java:60)
at tekPyramidPrograms.reverseAString.reverseStringUsingRecurssion(reverseAString.java:60)
at tekPyramidPrograms.reverseAString.reverseStringUsingRecurssion(reverseAString.java:60)
at tekPyramidPrograms.reverseAString.reverseStringUsingRecurssion(reverseAString.java:60)
at tekPyramidPrograms.reverseAString.reverseStringUsingRecurssion(reverseAString.java:60)
at tekPyramidPrograms.reverseAString.reverseStringUsingRecurssion(reverseAString.java:60)
at tekPyramidPrograms.reverseAString.reverseStringUsingRecurssion(reverseAString.java:60)
at tekPyramidPrograms.reverseAString.reverseStringUsingRecurssion(reverseAString.java:60)
at tekPyramidPrograms.reverseAString.reverseStringUsingRecurssion(reverseAString.java:60)
at tekPyramidPrograms.reverseAString.reverseStringUsingRecurssion(reverseAString.java:60)
at tekPyramidPrograms.reverseAString.reverseStringUsingRecurssion(reverseAString.java:60)
at tekPyramidPrograms.reverseAString.reverseStringUsingRecurssion(reverseAString.java:60)
at tekPyramidPrograms.reverseAString.reverseStringUsingRecurssion(reverseAString.java:60)
at tekPyramidPrograms.reverseAString.reverseStringUsingRecurssion(reverseAString.java:60)
at tekPyramidPrograms.reverseAString.reverseStringUsingRecurssion(reverseAString.java:60)
at tekPyramidPrograms.reverseAString.reverseStringUsingRecurssion(reverseAString.java:60)
at tekPyramidPrograms.reverseAString.reverseStringUsingRecurssion(reverseAString.java:60)
at tekPyramidPrograms.reverseAString.reverseStringUsingRecurssion(reverseAString.java:60)
at tekPyramidPrograms.reverseAString.reverseStringUsingRecurssion(reverseAString.java:60)
at tekPyramidPrograms.reverseAString.reverseStringUsingRecurssion(reverseAString.java:60)
at tekPyramidPrograms.reverseAString.reverseStringUsingRecurssion(reverseAString.java:60)
at tekPyramidPrograms.reverseAString.reverseStringUsingRecurssion(reverseAString.java:60)
at tekPyramidPrograms.reverseAString.reverseStringUsingRecurssion(reverseAString.java:60)
at tekPyramidPrograms.reverseAString.reverseStringUsingRecurssion(reverseAString.java:60)
at tekPyramidPrograms.reverseAString.reverseStringUsingRecurssion(reverseAString.java:60)
at tekPyramidPrograms.reverseAString.reverseStringUsingRecurssion(reverseAString.java:60)
at tekPyramidPrograms.reverseAString.reverseStringUsingRecurssion(reverseAString.java:60)
at tekPyramidPrograms.reverseAString.reverseStringUsingRecurssion(reverseAString.java:60)
at tekPyramidPrograms.reverseAString.reverseStringUsingRecurssion(reverseAString.java:60)
at tekPyramidPrograms.reverseAString.reverseStringUsingRecurssion(reverseAString.java:60)
at tekPyramidPrograms.reverseAString.reverseStringUsingRecurssion(reverseAString.java:60)
at tekPyramidPrograms.reverseAString.reverseStringUsingRecurssion(reverseAString.java:60)
at tekPyramidPrograms.reverseAString.reverseStringUsingRecurssion(reverseAString.java:60)
at tekPyramidPrograms.reverseAString.reverseStringUsingRecurssion(reverseAString.java:60)
at tekPyramidPrograms.reverseAString.reverseStringUsingRecurssion(reverseAString.java:60)
at tekPyramidPrograms.reverseAString.reverseStringUsingRecurssion(reverseAString.java:60)
at tekPyramidPrograms.reverseAString.reverseStringUsingRecurssion(reverseAString.java:60)
at tekPyramidPrograms.reverseAString.reverseStringUsingRecurssion(reverseAString.java:60)
at tekPyramidPrograms.reverseAString.reverseStringUsingRecurssion(reverseAString.java:60)
at tekPyramidPrograms.reverseAString.reverseStringUsingRecurssion(reverseAString.java:60)
at tekPyramidPrograms.reverseAString.reverseStringUsingRecurssion(reverseAString.java:60)
at tekPyramidPrograms.reverseAString.reverseStringUsingRecurssion(reverseAString.java:60)
at tekPyramidPrograms.reverseAString.reverseStringUsingRecurssion(reverseAString.java:60)
at tekPyramidPrograms.reverseAString.reverseStringUsingRecurssion(reverseAString.java:60)
at tekPyramidPrograms.reverseAString.reverseStringUsingRecurssion(reverseAString.java:60)
at tekPyramidPrograms.reverseAString.reverseStringUsingRecurssion(reverseAString.java:60)
at tekPyramidPrograms.reverseAString.reverseStringUsingRecurssion(reverseAString.java:60)
at tekPyramidPrograms.reverseAString.reverseStringUsingRecurssion(reverseAString.java:60)
at tekPyramidPrograms.reverseAString.reverseStringUsingRecurssion(reverseAString.java:60)
at tekPyramidPrograms.reverseAString.reverseStringUsingRecurssion(reverseAString.java:60)
at tekPyramidPrograms.reverseAString.reverseStringUsingRecurssion(reverseAString.java:60)
at tekPyramidPrograms.reverseAString.reverseStringUsingRecurssion(reverseAString.java:60)
at tekPyramidPrograms.reverseAString.reverseStringUsingRecurssion(reverseAString.java:60)
at tekPyramidPrograms.reverseAString.reverseStringUsingRecurssion(reverseAString.java:60)
at tekPyramidPrograms.reverseAString.reverseStringUsingRecurssion(reverseAString.java:60)
at tekPyramidPrograms.reverseAString.reverseStringUsingRecurssion(reverseAString.java:60)
at tekPyramidPrograms.reverseAString.reverseStringUsingRecurssion(reverseAString.java:60)
at tekPyramidPrograms.reverseAString.reverseStringUsingRecurssion(reverseAString.java:60)
at tekPyramidPrograms.reverseAString.reverseStringUsingRecurssion(reverseAString.java:60)
at tekPyramidPrograms.reverseAString.reverseStringUsingRecurssion(reverseAString.java:60)
at tekPyramidPrograms.reverseAString.reverseStringUsingRecurssion(reverseAString.java:60)
at tekPyramidPrograms.reverseAString.reverseStringUsingRecurssion(reverseAString.java:60)
at tekPyramidPrograms.reverseAString.reverseStringUsingRecurssion(reverseAString.java:60)
at tekPyramidPrograms.reverseAString.reverseStringUsingRecurssion(reverseAString.java:60)
at tekPyramidPrograms.reverseAString.reverseStringUsingRecurssion(reverseAString.java:60)
at tekPyramidPrograms.reverseAString.reverseStringUsingRecurssion(reverseAString.java:60)
at tekPyramidPrograms.reverseAString.reverseStringUsingRecurssion(reverseAString.java:60)
at tekPyramidPrograms.reverseAString.reverseStringUsingRecurssion(reverseAString.java:60)
at tekPyramidPrograms.reverseAString.reverseStringUsingRecurssion(reverseAString.java:60)
at tekPyramidPrograms.reverseAString.reverseStringUsingRecurssion(reverseAString.java:60)
at tekPyramidPrograms.reverseAString.reverseStringUsingRecurssion(reverseAString.java:60)
at tekPyramidPrograms.reverseAString.reverseStringUsingRecurssion(reverseAString.java:60)
at tekPyramidPrograms.reverseAString.reverseStringUsingRecurssion(reverseAString.java:60)
at tekPyramidPrograms.reverseAString.reverseStringUsingRecurssion(reverseAString.java:60)
at tekPyramidPrograms.reverseAString.reverseStringUsingRecurssion(reverseAString.java:60)
at tekPyramidPrograms.reverseAString.reverseStringUsingRecurssion(reverseAString.java:60)
at tekPyramidPrograms.reverseAString.reverseStringUsingRecurssion(reverseAString.java:60)
at tekPyramidPrograms.reverseAString.reverseStringUsingRecurssion(reverseAString.java:60)
at tekPyramidPrograms.reverseAString.reverseStringUsingRecurssion(reverseAString.java:60)
at tekPyramidPrograms.reverseAString.reverseStringUsingRecurssion(reverseAString.java:60)
at tekPyramidPrograms.reverseAString.reverseStringUsingRecurssion(reverseAString.java:60)
at tekPyramidPrograms.reverseAString.reverseStringUsingRecurssion(reverseAString.java:60)
at tekPyramidPrograms.reverseAString.reverseStringUsingRecurssion(reverseAString.java:60)
at tekPyramidPrograms.reverseAString.reverseStringUsingRecurssion(reverseAString.java:60)
at tekPyramidPrograms.reverseAString.reverseStringUsingRecurssion(reverseAString.java:60)
at tekPyramidPrograms.reverseAString.reverseStringUsingRecurssion(reverseAString.java:60)
at tekPyramidPrograms.reverseAString.reverseStringUsingRecurssion(reverseAString.java:60)
at tekPyramidPrograms.reverseAString.reverseStringUsingRecurssion(reverseAString.java:60)
at tekPyramidPrograms.reverseAString.reverseStringUsingRecurssion(reverseAString.java:60)
at tekPyramidPrograms.reverseAString.reverseStringUsingRecurssion(reverseAString.java:60)
at tekPyramidPrograms.reverseAString.reverseStringUsingRecurssion(reverseAString.java:60)
at tekPyramidPrograms.reverseAString.reverseStringUsingRecurssion(reverseAString.java:60)
at tekPyramidPrograms.reverseAString.reverseStringUsingRecurssion(reverseAString.java:60)
at tekPyramidPrograms.reverseAString.reverseStringUsingRecurssion(reverseAString.java:60)
at tekPyramidPrograms.reverseAString.reverseStringUsingRecurssion(reverseAString.java:60)
at tekPyramidPrograms.reverseAString.reverseStringUsingRecurssion(reverseAString.java:60)
at tekPyramidPrograms.reverseAString.reverseStringUsingRecurssion(reverseAString.java:60)
at tekPyramidPrograms.reverseAString.reverseStringUsingRecurssion(reverseAString.java:60)
at tekPyramidPrograms.reverseAString.reverseStringUsingRecurssion(reverseAString.java:60)
at tekPyramidPrograms.reverseAString.reverseStringUsingRecurssion(reverseAString.java:60)
at tekPyramidPrograms.reverseAString.reverseStringUsingRecurssion(reverseAString.java:60)
at tekPyramidPrograms.reverseAString.reverseStringUsingRecurssion(reverseAString.java:60)
at tekPyramidPrograms.reverseAString.reverseStringUsingRecurssion(reverseAString.java:60)
at tekPyramidPrograms.reverseAString.reverseStringUsingRecurssion(reverseAString.java:60)
at tekPyramidPrograms.reverseAString.reverseStringUsingRecurssion(reverseAString.java:60)
at tekPyramidPrograms.reverseAString.reverseStringUsingRecurssion(reverseAString.java:60)
at tekPyramidPrograms.reverseAString.reverseStringUsingRecurssion(reverseAString.java:60)
at tekPyramidPrograms.reverseAString.reverseStringUsingRecurssion(reverseAString.java:60)
at tekPyramidPrograms.reverseAString.reverseStringUsingRecurssion(reverseAString.java:60)
at tekPyramidPrograms.reverseAString.reverseStringUsingRecurssion(reverseAString.java:60)
at tekPyramidPrograms.reverseAString.reverseStringUsingRecurssion(reverseAString.java:60)
at tekPyramidPrograms.reverseAString.reverseStringUsingRecurssion(reverseAString.java:60)
at tekPyramidPrograms.reverseAString.reverseStringUsingRecurssion(reverseAString.java:60)
at tekPyramidPrograms.reverseAString.reverseStringUsingRecurssion(reverseAString.java:60)
at tekPyramidPrograms.reverseAString.reverseStringUsingRecurssion(reverseAString.java:60)
at tekPyramidPrograms.reverseAString.reverseStringUsingRecurssion(reverseAString.java:60)
at tekPyramidPrograms.reverseAString.reverseStringUsingRecurssion(reverseAString.java:60)
at tekPyramidPrograms.reverseAString.reverseStringUsingRecurssion(reverseAString.java:60)
at tekPyramidPrograms.reverseAString.reverseStringUsingRecurssion(reverseAString.java:60)
at tekPyramidPrograms.reverseAString.reverseStringUsingRecurssion(reverseAString.java:60)
at tekPyramidPrograms.reverseAString.reverseStringUsingRecurssion(reverseAString.java:60)
at tekPyramidPrograms.reverseAString.reverseStringUsingRecurssion(reverseAString.java:60)
at tekPyramidPrograms.reverseAString.reverseStringUsingRecurssion(reverseAString.java:60)
at tekPyramidPrograms.reverseAString.reverseStringUsingRecurssion(reverseAString.java:60)
at tekPyramidPrograms.reverseAString.reverseStringUsingRecurssion(reverseAString.java:60)
at tekPyramidPrograms.reverseAString.reverseStringUsingRecurssion(reverseAString.java:60)
at tekPyramidPrograms.reverseAString.reverseStringUsingRecurssion(reverseAString.java:60)
at tekPyramidPrograms.reverseAString.reverseStringUsingRecurssion(reverseAString.java:60)
at tekPyramidPrograms.reverseAString.reverseStringUsingRecurssion(reverseAString.java:60)
at tekPyramidPrograms.reverseAString.reverseStringUsingRecurssion(reverseAString.java:60)
at tekPyramidPrograms.reverseAString.reverseStringUsingRecurssion(reverseAString.java:60)
at tekPyramidPrograms.reverseAString.reverseStringUsingRecurssion(reverseAString.java:60)
at tekPyramidPrograms.reverseAString.reverseStringUsingRecurssion(reverseAString.java:60)
at tekPyramidPrograms.reverseAString.reverseStringUsingRecurssion(reverseAString.java:60)
at tekPyramidPrograms.reverseAString.reverseStringUsingRecurssion(reverseAString.java:60)
at tekPyramidPrograms.reverseAString.reverseStringUsingRecurssion(reverseAString.java:60)
at tekPyramidPrograms.reverseAString.reverseStringUsingRecurssion(reverseAString.java:60)
at tekPyramidPrograms.reverseAString.reverseStringUsingRecurssion(reverseAString.java:60)
at tekPyramidPrograms.reverseAString.reverseStringUsingRecurssion(reverseAString.java:60)
at tekPyramidPrograms.reverseAString.reverseStringUsingRecurssion(reverseAString.java:60)
at tekPyramidPrograms.reverseAString.reverseStringUsingRecurssion(reverseAString.java:60)
at tekPyramidPrograms.reverseAString.reverseStringUsingRecurssion(reverseAString.java:60)
at tekPyramidPrograms.reverseAString.reverseStringUsingRecurssion(reverseAString.java:60)
at tekPyramidPrograms.reverseAString.reverseStringUsingRecurssion(reverseAString.java:60)
at tekPyramidPrograms.reverseAString.reverseStringUsingRecurssion(reverseAString.java:60)
at tekPyramidPrograms.reverseAString.reverseStringUsingRecurssion(reverseAString.java:60)
at tekPyramidPrograms.reverseAString.reverseStringUsingRecurssion(reverseAString.java:60)
at tekPyramidPrograms.reverseAString.reverseStringUsingRecurssion(reverseAString.java:60)
at tekPyramidPrograms.reverseAString.reverseStringUsingRecurssion(reverseAString.java:60)
at tekPyramidPrograms.reverseAString.reverseStringUsingRecurssion(reverseAString.java:60)
at tekPyramidPrograms.reverseAString.reverseStringUsingRecurssion(reverseAString.java:60)
at tekPyramidPrograms.reverseAString.reverseStringUsingRecurssion(reverseAString.java:60)
at tekPyramidPrograms.reverseAString.reverseStringUsingRecurssion(reverseAString.java:60)
at tekPyramidPrograms.reverseAString.reverseStringUsingRecurssion(reverseAString.java:60)
at tekPyramidPrograms.reverseAString.reverseStringUsingRecurssion(reverseAString.java:60)
at tekPyramidPrograms.reverseAString.reverseStringUsingRecurssion(reverseAString.java:60)
at tekPyramidPrograms.reverseAString.reverseStringUsingRecurssion(reverseAString.java:60)
at tekPyramidPrograms.reverseAString.reverseStringUsingRecurssion(reverseAString.java:60)
at tekPyramidPrograms.reverseAString.reverseStringUsingRecurssion(reverseAString.java:60)
at tekPyramidPrograms.reverseAString.reverseStringUsingRecurssion(reverseAString.java:60)
at tekPyramidPrograms.reverseAString.reverseStringUsingRecurssion(reverseAString.java:60)
at tekPyramidPrograms.reverseAString.reverseStringUsingRecurssion(reverseAString.java:60)
at tekPyramidPrograms.reverseAString.reverseStringUsingRecurssion(reverseAString.java:60)
at tekPyramidPrograms.reverseAString.reverseStringUsingRecurssion(reverseAString.java:60)
at tekPyramidPrograms.reverseAString.reverseStringUsingRecurssion(reverseAString.java:60)
at tekPyramidPrograms.reverseAString.reverseStringUsingRecurssion(reverseAString.java:60)
at tekPyramidPrograms.reverseAString.reverseStringUsingRecurssion(reverseAString.java:60)
at tekPyramidPrograms.reverseAString.reverseStringUsingRecurssion(reverseAString.java:60)
at tekPyramidPrograms.reverseAString.reverseStringUsingRecurssion(reverseAString.java:60)
at tekPyramidPrograms.reverseAString.reverseStringUsingRecurssion(reverseAString.java:60)
at tekPyramidPrograms.reverseAString.reverseStringUsingRecurssion(reverseAString.java:60)
at tekPyramidPrograms.reverseAString.reverseStringUsingRecurssion(reverseAString.java:60)
at tekPyramidPrograms.reverseAString.reverseStringUsingRecurssion(reverseAString.java:60)
at tekPyramidPrograms.reverseAString.reverseStringUsingRecurssion(reverseAString.java:60)
at tekPyramidPrograms.reverseAString.reverseStringUsingRecurssion(reverseAString.java:60)
at tekPyramidPrograms.reverseAString.reverseStringUsingRecurssion(reverseAString.java:60)
at tekPyramidPrograms.reverseAString.reverseStringUsingRecurssion(reverseAString.java:60)
at tekPyramidPrograms.reverseAString.reverseStringUsingRecurssion(reverseAString.java:60)
at tekPyramidPrograms.reverseAString.reverseStringUsingRecurssion(reverseAString.java:60)
at tekPyramidPrograms.reverseAString.reverseStringUsingRecurssion(reverseAString.java:60)
at tekPyramidPrograms.reverseAString.reverseStringUsingRecurssion(reverseAString.java:60)
at tekPyramidPrograms.reverseAString.reverseStringUsingRecurssion(reverseAString.java:60)
at tekPyramidPrograms.reverseAString.reverseStringUsingRecurssion(reverseAString.java:60)
at tekPyramidPrograms.reverseAString.reverseStringUsingRecurssion(reverseAString.java:60)
at tekPyramidPrograms.reverseAString.reverseStringUsingRecurssion(reverseAString.java:60)
at tekPyramidPrograms.reverseAString.reverseStringUsingRecurssion(reverseAString.java:60)
at tekPyramidPrograms.reverseAString.reverseStringUsingRecurssion(reverseAString.java:60)
at tekPyramidPrograms.reverseAString.reverseStringUsingRecurssion(reverseAString.java:60)
at tekPyramidPrograms.reverseAString.reverseStringUsingRecurssion(reverseAString.java:60)
at tekPyramidPrograms.reverseAString.reverseStringUsingRecurssion(reverseAString.java:60)
at tekPyramidPrograms.reverseAString.reverseStringUsingRecurssion(reverseAString.java:60)
at tekPyramidPrograms.reverseAString.reverseStringUsingRecurssion(reverseAString.java:60)
at tekPyramidPrograms.reverseAString.reverseStringUsingRecurssion(reverseAString.java:60)
at tekPyramidPrograms.reverseAString.reverseStringUsingRecurssion(reverseAString.java:60)
at tekPyramidPrograms.reverseAString.reverseStringUsingRecurssion(reverseAString.java:60)
at tekPyramidPrograms.reverseAString.reverseStringUsingRecurssion(reverseAString.java:60)
at tekPyramidPrograms.reverseAString.reverseStringUsingRecurssion(reverseAString.java:60)
at tekPyramidPrograms.reverseAString.reverseStringUsingRecurssion(reverseAString.java:60)
at tekPyramidPrograms.reverseAString.reverseStringUsingRecurssion(reverseAString.java:60)
at tekPyramidPrograms.reverseAString.reverseStringUsingRecurssion(reverseAString.java:60)
at tekPyramidPrograms.reverseAString.reverseStringUsingRecurssion(reverseAString.java:60)
at tekPyramidPrograms.reverseAString.reverseStringUsingRecurssion(reverseAString.java:60)
at tekPyramidPrograms.reverseAString.reverseStringUsingRecurssion(reverseAString.java:60)
at tekPyramidPrograms.reverseAString.reverseStringUsingRecurssion(reverseAString.java:60)
at tekPyramidPrograms.reverseAString.reverseStringUsingRecurssion(reverseAString.java:60)
at tekPyramidPrograms.reverseAString.reverseStringUsingRecurssion(reverseAString.java:60)
at tekPyramidPrograms.reverseAString.reverseStringUsingRecurssion(reverseAString.java:60)
at tekPyramidPrograms.reverseAString.reverseStringUsingRecurssion(reverseAString.java:60)
at tekPyramidPrograms.reverseAString.reverseStringUsingRecurssion(reverseAString.java:60)
at tekPyramidPrograms.reverseAString.reverseStringUsingRecurssion(reverseAString.java:60)
at tekPyramidPrograms.reverseAString.reverseStringUsingRecurssion(reverseAString.java:60)
at tekPyramidPrograms.reverseAString.reverseStringUsingRecurssion(reverseAString.java:60)
at tekPyramidPrograms.reverseAString.reverseStringUsingRecurssion(reverseAString.java:60)
at tekPyramidPrograms.reverseAString.reverseStringUsingRecurssion(reverseAString.java:60)
at tekPyramidPrograms.reverseAString.reverseStringUsingRecurssion(reverseAString.java:60)
at tekPyramidPrograms.reverseAString.reverseStringUsingRecurssion(reverseAString.java:60)
at tekPyramidPrograms.reverseAString.reverseStringUsingRecurssion(reverseAString.java:60)
at tekPyramidPrograms.reverseAString.reverseStringUsingRecurssion(reverseAString.java:60)
at tekPyramidPrograms.reverseAString.reverseStringUsingRecurssion(reverseAString.java:60)
at tekPyramidPrograms.reverseAString.reverseStringUsingRecurssion(reverseAString.java:60)
at tekPyramidPrograms.reverseAString.reverseStringUsingRecurssion(reverseAString.java:60)
at tekPyramidPrograms.reverseAString.reverseStringUsingRecurssion(reverseAString.java:60)
at tekPyramidPrograms.reverseAString.reverseStringUsingRecurssion(reverseAString.java:60)
at tekPyramidPrograms.reverseAString.reverseStringUsingRecurssion(reverseAString.java:60)
at tekPyramidPrograms.reverseAString.reverseStringUsingRecurssion(reverseAString.java:60)
at tekPyramidPrograms.reverseAString.reverseStringUsingRecurssion(reverseAString.java:60)
at tekPyramidPrograms.reverseAString.reverseStringUsingRecurssion(reverseAString.java:60)
at tekPyramidPrograms.reverseAString.reverseStringUsingRecurssion(reverseAString.java:60)
at tekPyramidPrograms.reverseAString.reverseStringUsingRecurssion(reverseAString.java:60)
at tekPyramidPrograms.reverseAString.reverseStringUsingRecurssion(reverseAString.java:60)
at tekPyramidPrograms.reverseAString.reverseStringUsingRecurssion(reverseAString.java:60)
at tekPyramidPrograms.reverseAString.reverseStringUsingRecurssion(reverseAString.java:60)
at tekPyramidPrograms.reverseAString.reverseStringUsingRecurssion(reverseAString.java:60)
at tekPyramidPrograms.reverseAString.reverseStringUsingRecurssion(reverseAString.java:60)
at tekPyramidPrograms.reverseAString.reverseStringUsingRecurssion(reverseAString.java:60)
at tekPyramidPrograms.reverseAString.reverseStringUsingRecurssion(reverseAString.java:60)
at tekPyramidPrograms.reverseAString.reverseStringUsingRecurssion(reverseAString.java:60)
at tekPyramidPrograms.reverseAString.reverseStringUsingRecurssion(reverseAString.java:60)
at tekPyramidPrograms.reverseAString.reverseStringUsingRecurssion(reverseAString.java:60)
at tekPyramidPrograms.reverseAString.reverseStringUsingRecurssion(reverseAString.java:60)
at tekPyramidPrograms.reverseAString.reverseStringUsingRecurssion(reverseAString.java:60)
at tekPyramidPrograms.reverseAString.reverseStringUsingRecurssion(reverseAString.java:60)
at tekPyramidPrograms.reverseAString.reverseStringUsingRecurssion(reverseAString.java:60)
at tekPyramidPrograms.reverseAString.reverseStringUsingRecurssion(reverseAString.java:60)
at tekPyramidPrograms.reverseAString.reverseStringUsingRecurssion(reverseAString.java:60)
at tekPyramidPrograms.reverseAString.reverseStringUsingRecurssion(reverseAString.java:60)
at tekPyramidPrograms.reverseAString.reverseStringUsingRecurssion(reverseAString.java:60)
at tekPyramidPrograms.reverseAString.reverseStringUsingRecurssion(reverseAString.java:60)
at tekPyramidPrograms.reverseAString.reverseStringUsingRecurssion(reverseAString.java:60)
at tekPyramidPrograms.reverseAString.reverseStringUsingRecurssion(reverseAString.java:60)
at tekPyramidPrograms.reverseAString.reverseStringUsingRecurssion(reverseAString.java:60)
at tekPyramidPrograms.reverseAString.reverseStringUsingRecurssion(reverseAString.java:60)
at tekPyramidPrograms.reverseAString.reverseStringUsingRecurssion(reverseAString.java:60)
at tekPyramidPrograms.reverseAString.reverseStringUsingRecurssion(reverseAString.java:60)
at tekPyramidPrograms.reverseAString.reverseStringUsingRecurssion(reverseAString.java:60)
at tekPyramidPrograms.reverseAString.reverseStringUsingRecurssion(reverseAString.java:60)
at tekPyramidPrograms.reverseAString.reverseStringUsingRecurssion(reverseAString.java:60)
at tekPyramidPrograms.reverseAString.reverseStringUsingRecurssion(reverseAString.java:60)
at tekPyramidPrograms.reverseAString.reverseStringUsingRecurssion(reverseAString.java:60)
at tekPyramidPrograms.reverseAString.reverseStringUsingRecurssion(reverseAString.java:60)
at tekPyramidPrograms.reverseAString.reverseStringUsingRecurssion(reverseAString.java:60)
at tekPyramidPrograms.reverseAString.reverseStringUsingRecurssion(reverseAString.java:60)
at tekPyramidPrograms.reverseAString.reverseStringUsingRecurssion(reverseAString.java:60)
at tekPyramidPrograms.reverseAString.reverseStringUsingRecurssion(reverseAString.java:60)
at tekPyramidPrograms.reverseAString.reverseStringUsingRecurssion(reverseAString.java:60)
at tekPyramidPrograms.reverseAString.reverseStringUsingRecurssion(reverseAString.java:60)
at tekPyramidPrograms.reverseAString.reverseStringUsingRecurssion(reverseAString.java:60)
at tekPyramidPrograms.reverseAString.reverseStringUsingRecurssion(reverseAString.java:60)
at tekPyramidPrograms.reverseAString.reverseStringUsingRecurssion(reverseAString.java:60)
at tekPyramidPrograms.reverseAString.reverseStringUsingRecurssion(reverseAString.java:60)
at tekPyramidPrograms.reverseAString.reverseStringUsingRecurssion(reverseAString.java:60)
at tekPyramidPrograms.reverseAString.reverseStringUsingRecurssion(reverseAString.java:60)
at tekPyramidPrograms.reverseAString.reverseStringUsingRecurssion(reverseAString.java:60)
at tekPyramidPrograms.reverseAString.reverseStringUsingRecurssion(reverseAString.java:60)
at tekPyramidPrograms.reverseAString.reverseStringUsingRecurssion(reverseAString.java:60)
at tekPyramidPrograms.reverseAString.reverseStringUsingRecurssion(reverseAString.java:60)
at tekPyramidPrograms.reverseAString.reverseStringUsingRecurssion(reverseAString.java:60)
at tekPyramidPrograms.reverseAString.reverseStringUsingRecurssion(reverseAString.java:60)
at tekPyramidPrograms.reverseAString.reverseStringUsingRecurssion(reverseAString.java:60)
at tekPyramidPrograms.reverseAString.reverseStringUsingRecurssion(reverseAString.java:60)
at tekPyramidPrograms.reverseAString.reverseStringUsingRecurssion(reverseAString.java:60)
at tekPyramidPrograms.reverseAString.reverseStringUsingRecurssion(reverseAString.java:60)
at tekPyramidPrograms.reverseAString.reverseStringUsingRecurssion(reverseAString.java:60)
at tekPyramidPrograms.reverseAString.reverseStringUsingRecurssion(reverseAString.java:60)
at tekPyramidPrograms.reverseAString.reverseStringUsingRecurssion(reverseAString.java:60)
at tekPyramidPrograms.reverseAString.reverseStringUsingRecurssion(reverseAString.java:60)
at tekPyramidPrograms.reverseAString.reverseStringUsingRecurssion(reverseAString.java:60)
at tekPyramidPrograms.reverseAString.reverseStringUsingRecurssion(reverseAString.java:60)
at tekPyramidPrograms.reverseAString.reverseStringUsingRecurssion(reverseAString.java:60)
at tekPyramidPrograms.reverseAString.reverseStringUsingRecurssion(reverseAString.java:60)
at tekPyramidPrograms.reverseAString.reverseStringUsingRecurssion(reverseAString.java:60)
at tekPyramidPrograms.reverseAString.reverseStringUsingRecurssion(reverseAString.java:60)
at tekPyramidPrograms.reverseAString.reverseStringUsingRecurssion(reverseAString.java:60)
at tekPyramidPrograms.reverseAString.reverseStringUsingRecurssion(reverseAString.java:60)
at tekPyramidPrograms.reverseAString.reverseStringUsingRecurssion(reverseAString.java:60)
at tekPyramidPrograms.reverseAString.reverseStringUsingRecurssion(reverseAString.java:60)
at tekPyramidPrograms.reverseAString.reverseStringUsingRecurssion(reverseAString.java:60)
at tekPyramidPrograms.reverseAString.reverseStringUsingRecurssion(reverseAString.java:60)
at tekPyramidPrograms.reverseAString.reverseStringUsingRecurssion(reverseAString.java:60)
at tekPyramidPrograms.reverseAString.reverseStringUsingRecurssion(reverseAString.java:60)
at tekPyramidPrograms.reverseAString.reverseStringUsingRecurssion(reverseAString.java:60)
at tekPyramidPrograms.reverseAString.reverseStringUsingRecurssion(reverseAString.java:60)
at tekPyramidPrograms.reverseAString.reverseStringUsingRecurssion(reverseAString.java:60)
at tekPyramidPrograms.reverseAString.reverseStringUsingRecurssion(reverseAString.java:60)
at tekPyramidPrograms.reverseAString.reverseStringUsingRecurssion(reverseAString.java:60)
at tekPyramidPrograms.reverseAString.reverseStringUsingRecurssion(reverseAString.java:60)
at tekPyramidPrograms.reverseAString.reverseStringUsingRecurssion(reverseAString.java:60)
at tekPyramidPrograms.reverseAString.reverseStringUsingRecurssion(reverseAString.java:60)
at tekPyramidPrograms.reverseAString.reverseStringUsingRecurssion(reverseAString.java:60)
at tekPyramidPrograms.reverseAString.reverseStringUsingRecurssion(reverseAString.java:60)
at tekPyramidPrograms.reverseAString.reverseStringUsingRecurssion(reverseAString.java:60)
at tekPyramidPrograms.reverseAString.reverseStringUsingRecurssion(reverseAString.java:60)
at tekPyramidPrograms.reverseAString.reverseStringUsingRecurssion(reverseAString.java:60)
at tekPyramidPrograms.reverseAString.reverseStringUsingRecurssion(reverseAString.java:60)
at tekPyramidPrograms.reverseAString.reverseStringUsingRecurssion(reverseAString.java:60)
at tekPyramidPrograms.reverseAString.reverseStringUsingRecurssion(reverseAString.java:60)
at tekPyramidPrograms.reverseAString.reverseStringUsingRecurssion(reverseAString.java:60)
at tekPyramidPrograms.reverseAString.reverseStringUsingRecurssion(reverseAString.java:60)
at tekPyramidPrograms.reverseAString.reverseStringUsingRecurssion(reverseAString.java:60)
at tekPyramidPrograms.reverseAString.reverseStringUsingRecurssion(reverseAString.java:60)
at tekPyramidPrograms.reverseAString.reverseStringUsingRecurssion(reverseAString.java:60)
at tekPyramidPrograms.reverseAString.reverseStringUsingRecurssion(reverseAString.java:60)
at tekPyramidPrograms.reverseAString.reverseStringUsingRecurssion(reverseAString.java:60)
at tekPyramidPrograms.reverseAString.reverseStringUsingRecurssion(reverseAString.java:60)
at tekPyramidPrograms.reverseAString.reverseStringUsingRecurssion(reverseAString.java:60)
at tekPyramidPrograms.reverseAString.reverseStringUsingRecurssion(reverseAString.java:60)
at tekPyramidPrograms.reverseAString.reverseStringUsingRecurssion(reverseAString.java:60)
at tekPyramidPrograms.reverseAString.reverseStringUsingRecurssion(reverseAString.java:60)
at tekPyramidPrograms.reverseAString.reverseStringUsingRecurssion(reverseAString.java:60)
at tekPyramidPrograms.reverseAString.reverseStringUsingRecurssion(reverseAString.java:60)
at tekPyramidPrograms.reverseAString.reverseStringUsingRecurssion(reverseAString.java:60)
at tekPyramidPrograms.reverseAString.reverseStringUsingRecurssion(reverseAString.java:60)
at tekPyramidPrograms.reverseAString.reverseStringUsingRecurssion(reverseAString.java:60)
at tekPyramidPrograms.reverseAString.reverseStringUsingRecurssion(reverseAString.java:60)
at tekPyramidPrograms.reverseAString.reverseStringUsingRecurssion(reverseAString.java:60)
at tekPyramidPrograms.reverseAString.reverseStringUsingRecurssion(reverseAString.java:60)
at tekPyramidPrograms.reverseAString.reverseStringUsingRecurssion(reverseAString.java:60)
at tekPyramidPrograms.reverseAString.reverseStringUsingRecurssion(reverseAString.java:60)
at tekPyramidPrograms.reverseAString.reverseStringUsingRecurssion(reverseAString.java:60)
at tekPyramidPrograms.reverseAString.reverseStringUsingRecurssion(reverseAString.java:60)
at tekPyramidPrograms.reverseAString.reverseStringUsingRecurssion(reverseAString.java:60)
at tekPyramidPrograms.reverseAString.reverseStringUsingRecurssion(reverseAString.java:60)
at tekPyramidPrograms.reverseAString.reverseStringUsingRecurssion(reverseAString.java:60)
at tekPyramidPrograms.reverseAString.reverseStringUsingRecurssion(reverseAString.java:60)
at tekPyramidPrograms.reverseAString.reverseStringUsingRecurssion(reverseAString.java:60)
at tekPyramidPrograms.reverseAString.reverseStringUsingRecurssion(reverseAString.java:60)
at tekPyramidPrograms.reverseAString.reverseStringUsingRecurssion(reverseAString.java:60)
at tekPyramidPrograms.reverseAString.reverseStringUsingRecurssion(reverseAString.java:60)
at tekPyramidPrograms.reverseAString.reverseStringUsingRecurssion(reverseAString.java:60)
at tekPyramidPrograms.reverseAString.reverseStringUsingRecurssion(reverseAString.java:60)
at tekPyramidPrograms.reverseAString.reverseStringUsingRecurssion(reverseAString.java:60)
at tekPyramidPrograms.reverseAString.reverseStringUsingRecurssion(reverseAString.java:60)
at tekPyramidPrograms.reverseAString.reverseStringUsingRecurssion(reverseAString.java:60)
at tekPyramidPrograms.reverseAString.reverseStringUsingRecurssion(reverseAString.java:60)
at tekPyramidPrograms.reverseAString.reverseStringUsingRecurssion(reverseAString.java:60)
at tekPyramidPrograms.reverseAString.reverseStringUsingRecurssion(reverseAString.java:60)
at tekPyramidPrograms.reverseAString.reverseStringUsingRecurssion(reverseAString.java:60)
at tekPyramidPrograms.reverseAString.reverseStringUsingRecurssion(reverseAString.java:60)
at tekPyramidPrograms.reverseAString.reverseStringUsingRecurssion(reverseAString.java:60)
at tekPyramidPrograms.reverseAString.reverseStringUsingRecurssion(reverseAString.java:60)
at tekPyramidPrograms.reverseAString.reverseStringUsingRecurssion(reverseAString.java:60)
at tekPyramidPrograms.reverseAString.reverseStringUsingRecurssion(reverseAString.java:60)
at tekPyramidPrograms.reverseAString.reverseStringUsingRecurssion(reverseAString.java:60)
at tekPyramidPrograms.reverseAString.reverseStringUsingRecurssion(reverseAString.java:60)
at tekPyramidPrograms.reverseAString.reverseStringUsingRecurssion(reverseAString.java:60)
at tekPyramidPrograms.reverseAString.reverseStringUsingRecurssion(reverseAString.java:60)
at tekPyramidPrograms.reverseAString.reverseStringUsingRecurssion(reverseAString.java:60)
at tekPyramidPrograms.reverseAString.reverseStringUsingRecurssion(reverseAString.java:60)
at tekPyramidPrograms.reverseAString.reverseStringUsingRecurssion(reverseAString.java:60)
at tekPyramidPrograms.reverseAString.reverseStringUsingRecurssion(reverseAString.java:60)
at tekPyramidPrograms.reverseAString.reverseStringUsingRecurssion(reverseAString.java:60)
at tekPyramidPrograms.reverseAString.reverseStringUsingRecurssion(reverseAString.java:60)
at tekPyramidPrograms.reverseAString.reverseStringUsingRecurssion(reverseAString.java:60)
at tekPyramidPrograms.reverseAString.reverseStringUsingRecurssion(reverseAString.java:60)
at tekPyramidPrograms.reverseAString.reverseStringUsingRecurssion(reverseAString.java:60)
at tekPyramidPrograms.reverseAString.reverseStringUsingRecurssion(reverseAString.java:60)
at tekPyramidPrograms.reverseAString.reverseStringUsingRecurssion(reverseAString.java:60)
at tekPyramidPrograms.reverseAString.reverseStringUsingRecurssion(reverseAString.java:60)
at tekPyramidPrograms.reverseAString.reverseStringUsingRecurssion(reverseAString.java:60)
at tekPyramidPrograms.reverseAString.reverseStringUsingRecurssion(reverseAString.java:60)
at tekPyramidPrograms.reverseAString.reverseStringUsingRecurssion(reverseAString.java:60)
at tekPyramidPrograms.reverseAString.reverseStringUsingRecurssion(reverseAString.java:60)
at tekPyramidPrograms.reverseAString.reverseStringUsingRecurssion(reverseAString.java:60)
at tekPyramidPrograms.reverseAString.reverseStringUsingRecurssion(reverseAString.java:60)
at tekPyramidPrograms.reverseAString.reverseStringUsingRecurssion(reverseAString.java:60)
at tekPyramidPrograms.reverseAString.reverseStringUsingRecurssion(reverseAString.java:60)
at tekPyramidPrograms.reverseAString.reverseStringUsingRecurssion(reverseAString.java:60)
at tekPyramidPrograms.reverseAString.reverseStringUsingRecurssion(reverseAString.java:60)
at tekPyramidPrograms.reverseAString.reverseStringUsingRecurssion(reverseAString.java:60)
at tekPyramidPrograms.reverseAString.reverseStringUsingRecurssion(reverseAString.java:60)
at tekPyramidPrograms.reverseAString.reverseStringUsingRecurssion(reverseAString.java:60)
at tekPyramidPrograms.reverseAString.reverseStringUsingRecurssion(reverseAString.java:60)
at tekPyramidPrograms.reverseAString.reverseStringUsingRecurssion(reverseAString.java:60)
at tekPyramidPrograms.reverseAString.reverseStringUsingRecurssion(reverseAString.java:60)
at tekPyramidPrograms.reverseAString.reverseStringUsingRecurssion(reverseAString.java:60)
at tekPyramidPrograms.reverseAString.reverseStringUsingRecurssion(reverseAString.java:60)
at tekPyramidPrograms.reverseAString.reverseStringUsingRecurssion(reverseAString.java:60)
at tekPyramidPrograms.reverseAString.reverseStringUsingRecurssion(reverseAString.java:60)
at tekPyramidPrograms.reverseAString.reverseStringUsingRecurssion(reverseAString.java:60)
at tekPyramidPrograms.reverseAString.reverseStringUsingRecurssion(reverseAString.java:60)
at tekPyramidPrograms.reverseAString.reverseStringUsingRecurssion(reverseAString.java:60)
at tekPyramidPrograms.reverseAString.reverseStringUsingRecurssion(reverseAString.java:60)
at tekPyramidPrograms.reverseAString.reverseStringUsingRecurssion(reverseAString.java:60)
at tekPyramidPrograms.reverseAString.reverseStringUsingRecurssion(reverseAString.java:60)
at tekPyramidPrograms.reverseAString.reverseStringUsingRecurssion(reverseAString.java:60)
at tekPyramidPrograms.reverseAString.reverseStringUsingRecurssion(reverseAString.java:60)
at tekPyramidPrograms.reverseAString.reverseStringUsingRecurssion(reverseAString.java:60)
at tekPyramidPrograms.reverseAString.reverseStringUsingRecurssion(reverseAString.java:60)
at tekPyramidPrograms.reverseAString.reverseStringUsingRecurssion(reverseAString.java:60)
at tekPyramidPrograms.reverseAString.reverseStringUsingRecurssion(reverseAString.java:60)
at tekPyramidPrograms.reverseAString.reverseStringUsingRecurssion(reverseAString.java:60)
at tekPyramidPrograms.reverseAString.reverseStringUsingRecurssion(reverseAString.java:60)
at tekPyramidPrograms.reverseAString.reverseStringUsingRecurssion(reverseAString.java:60)
at tekPyramidPrograms.reverseAString.reverseStringUsingRecurssion(reverseAString.java:60)
at tekPyramidPrograms.reverseAString.reverseStringUsingRecurssion(reverseAString.java:60)
at tekPyramidPrograms.reverseAString.reverseStringUsingRecurssion(reverseAString.java:60)
at tekPyramidPrograms.reverseAString.reverseStringUsingRecurssion(reverseAString.java:60)
at tekPyramidPrograms.reverseAString.reverseStringUsingRecurssion(reverseAString.java:60)
at tekPyramidPrograms.reverseAString.reverseStringUsingRecurssion(reverseAString.java:60)
at tekPyramidPrograms.reverseAString.reverseStringUsingRecurssion(reverseAString.java:60)
at tekPyramidPrograms.reverseAString.reverseStringUsingRecurssion(reverseAString.java:60)
at tekPyramidPrograms.reverseAString.reverseStringUsingRecurssion(reverseAString.java:60)
at tekPyramidPrograms.reverseAString.reverseStringUsingRecurssion(reverseAString.java:60)
at tekPyramidPrograms.reverseAString.reverseStringUsingRecurssion(reverseAString.java:60)
at tekPyramidPrograms.reverseAString.reverseStringUsingRecurssion(reverseAString.java:60)
at tekPyramidPrograms.reverseAString.reverseStringUsingRecurssion(reverseAString.java:60)
at tekPyramidPrograms.reverseAString.reverseStringUsingRecurssion(reverseAString.java:60)
at tekPyramidPrograms.reverseAString.reverseStringUsingRecurssion(reverseAString.java:60)
at tekPyramidPrograms.reverseAString.reverseStringUsingRecurssion(reverseAString.java:60)
at tekPyramidPrograms.reverseAString.reverseStringUsingRecurssion(reverseAString.java:60)
at tekPyramidPrograms.reverseAString.reverseStringUsingRecurssion(reverseAString.java:60)
at tekPyramidPrograms.reverseAString.reverseStringUsingRecurssion(reverseAString.java:60)
at tekPyramidPrograms.reverseAString.reverseStringUsingRecurssion(reverseAString.java:60)
at tekPyramidPrograms.reverseAString.reverseStringUsingRecurssion(reverseAString.java:60)
at tekPyramidPrograms.reverseAString.reverseStringUsingRecurssion(reverseAString.java:60)
at tekPyramidPrograms.reverseAString.reverseStringUsingRecurssion(reverseAString.java:60)
at tekPyramidPrograms.reverseAString.reverseStringUsingRecurssion(reverseAString.java:60)
at tekPyramidPrograms.reverseAString.reverseStringUsingRecurssion(reverseAString.java:60)
at tekPyramidPrograms.reverseAString.reverseStringUsingRecurssion(reverseAString.java:60)
at tekPyramidPrograms.reverseAString.reverseStringUsingRecurssion(reverseAString.java:60)
at tekPyramidPrograms.reverseAString.reverseStringUsingRecurssion(reverseAString.java:60)
at tekPyramidPrograms.reverseAString.reverseStringUsingRecurssion(reverseAString.java:60)
at tekPyramidPrograms.reverseAString.reverseStringUsingRecurssion(reverseAString.java:60)
at tekPyramidPrograms.reverseAString.reverseStringUsingRecurssion(reverseAString.java:60)
at tekPyramidPrograms.reverseAString.reverseStringUsingRecurssion(reverseAString.java:60)
at tekPyramidPrograms.reverseAString.reverseStringUsingRecurssion(reverseAString.java:60)
at tekPyramidPrograms.reverseAString.reverseStringUsingRecurssion(reverseAString.java:60)
at tekPyramidPrograms.reverseAString.reverseStringUsingRecurssion(reverseAString.java:60)
at tekPyramidPrograms.reverseAString.reverseStringUsingRecurssion(reverseAString.java:60)
at tekPyramidPrograms.reverseAString.reverseStringUsingRecurssion(reverseAString.java:60)
at tekPyramidPrograms.reverseAString.reverseStringUsingRecurssion(reverseAString.java:60)
at tekPyramidPrograms.reverseAString.reverseStringUsingRecurssion(reverseAString.java:60)
at tekPyramidPrograms.reverseAString.reverseStringUsingRecurssion(reverseAString.java:60)
at tekPyramidPrograms.reverseAString.reverseStringUsingRecurssion(reverseAString.java:60)
at tekPyramidPrograms.reverseAString.reverseStringUsingRecurssion(reverseAString.java:60)
at tekPyramidPrograms.reverseAString.reverseStringUsingRecurssion(reverseAString.java:60)
at tekPyramidPrograms.reverseAString.reverseStringUsingRecurssion(reverseAString.java:60)
at tekPyramidPrograms.reverseAString.reverseStringUsingRecurssion(reverseAString.java:60)
at tekPyramidPrograms.reverseAString.reverseStringUsingRecurssion(reverseAString.java:60)
at tekPyramidPrograms.reverseAString.reverseStringUsingRecurssion(reverseAString.java:60)
at tekPyramidPrograms.reverseAString.reverseStringUsingRecurssion(reverseAString.java:60)
at tekPyramidPrograms.reverseAString.reverseStringUsingRecurssion(reverseAString.java:60)
at tekPyramidPrograms.reverseAString.reverseStringUsingRecurssion(reverseAString.java:60)
at tekPyramidPrograms.reverseAString.reverseStringUsingRecurssion(reverseAString.java:60)
at tekPyramidPrograms.reverseAString.reverseStringUsingRecurssion(reverseAString.java:60)
at tekPyramidPrograms.reverseAString.reverseStringUsingRecurssion(reverseAString.java:60)
at tekPyramidPrograms.reverseAString.reverseStringUsingRecurssion(reverseAString.java:60)
at tekPyramidPrograms.reverseAString.reverseStringUsingRecurssion(reverseAString.java:60)
at tekPyramidPrograms.reverseAString.reverseStringUsingRecurssion(reverseAString.java:60)
at tekPyramidPrograms.reverseAString.reverseStringUsingRecurssion(reverseAString.java:60)
at tekPyramidPrograms.reverseAString.reverseStringUsingRecurssion(reverseAString.java:60)
at tekPyramidPrograms.reverseAString.reverseStringUsingRecurssion(reverseAString.java:60)
at tekPyramidPrograms.reverseAString.reverseStringUsingRecurssion(reverseAString.java:60)
at tekPyramidPrograms.reverseAString.reverseStringUsingRecurssion(reverseAString.java:60)
at tekPyramidPrograms.reverseAString.reverseStringUsingRecurssion(reverseAString.java:60)
at tekPyramidPrograms.reverseAString.reverseStringUsingRecurssion(reverseAString.java:60)
at tekPyramidPrograms.reverseAString.reverseStringUsingRecurssion(reverseAString.java:60)
at tekPyramidPrograms.reverseAString.reverseStringUsingRecurssion(reverseAString.java:60)
at tekPyramidPrograms.reverseAString.reverseStringUsingRecurssion(reverseAString.java:60)
at tekPyramidPrograms.reverseAString.reverseStringUsingRecurssion(reverseAString.java:60)
at tekPyramidPrograms.reverseAString.reverseStringUsingRecurssion(reverseAString.java:60)
at tekPyramidPrograms.reverseAString.reverseStringUsingRecurssion(reverseAString.java:60)
at tekPyramidPrograms.reverseAString.reverseStringUsingRecurssion(reverseAString.java:60)
at tekPyramidPrograms.reverseAString.reverseStringUsingRecurssion(reverseAString.java:60)
at tekPyramidPrograms.reverseAString.reverseStringUsingRecurssion(reverseAString.java:60)
at tekPyramidPrograms.reverseAString.reverseStringUsingRecurssion(reverseAString.java:60)
at tekPyramidPrograms.reverseAString.reverseStringUsingRecurssion(reverseAString.java:60)
at tekPyramidPrograms.reverseAString.reverseStringUsingRecurssion(reverseAString.java:60)
at tekPyramidPrograms.reverseAString.reverseStringUsingRecurssion(reverseAString.java:60)
at tekPyramidPrograms.reverseAString.reverseStringUsingRecurssion(reverseAString.java:60)
at tekPyramidPrograms.reverseAString.reverseStringUsingRecurssion(reverseAString.java:60)
at tekPyramidPrograms.reverseAString.reverseStringUsingRecurssion(reverseAString.java:60)
at tekPyramidPrograms.reverseAString.reverseStringUsingRecurssion(reverseAString.java:60)
at tekPyramidPrograms.reverseAString.reverseStringUsingRecurssion(reverseAString.java:60)
at tekPyramidPrograms.reverseAString.reverseStringUsingRecurssion(reverseAString.java:60)
at tekPyramidPrograms.reverseAString.reverseStringUsingRecurssion(reverseAString.java:60)
at tekPyramidPrograms.reverseAString.reverseStringUsingRecurssion(reverseAString.java:60)
at tekPyramidPrograms.reverseAString.reverseStringUsingRecurssion(reverseAString.java:60)
at tekPyramidPrograms.reverseAString.reverseStringUsingRecurssion(reverseAString.java:60)
at tekPyramidPrograms.reverseAString.reverseStringUsingRecurssion(reverseAString.java:60)
at tekPyramidPrograms.reverseAString.reverseStringUsingRecurssion(reverseAString.java:60)
at tekPyramidPrograms.reverseAString.reverseStringUsingRecurssion(reverseAString.java:60)
at tekPyramidPrograms.reverseAString.reverseStringUsingRecurssion(reverseAString.java:60)
at tekPyramidPrograms.reverseAString.reverseStringUsingRecurssion(reverseAString.java:60)
at tekPyramidPrograms.reverseAString.reverseStringUsingRecurssion(reverseAString.java:60)
at tekPyramidPrograms.reverseAString.reverseStringUsingRecurssion(reverseAString.java:60)
at tekPyramidPrograms.reverseAString.reverseStringUsingRecurssion(reverseAString.java:60)
at tekPyramidPrograms.reverseAString.reverseStringUsingRecurssion(reverseAString.java:60)
at tekPyramidPrograms.reverseAString.reverseStringUsingRecurssion(reverseAString.java:60)
at tekPyramidPrograms.reverseAString.reverseStringUsingRecurssion(reverseAString.java:60)
at tekPyramidPrograms.reverseAString.reverseStringUsingRecurssion(reverseAString.java:60)
at tekPyramidPrograms.reverseAString.reverseStringUsingRecurssion(reverseAString.java:60)
at tekPyramidPrograms.reverseAString.reverseStringUsingRecurssion(reverseAString.java:60)
at tekPyramidPrograms.reverseAString.reverseStringUsingRecurssion(reverseAString.java:60)
at tekPyramidPrograms.reverseAString.reverseStringUsingRecurssion(reverseAString.java:60)
at tekPyramidPrograms.reverseAString.reverseStringUsingRecurssion(reverseAString.java:60)
at tekPyramidPrograms.reverseAString.reverseStringUsingRecurssion(reverseAString.java:60)
at tekPyramidPrograms.reverseAString.reverseStringUsingRecurssion(reverseAString.java:60)
at tekPyramidPrograms.reverseAString.reverseStringUsingRecurssion(reverseAString.java:60)
at tekPyramidPrograms.reverseAString.reverseStringUsingRecurssion(reverseAString.java:60)
at tekPyramidPrograms.reverseAString.reverseStringUsingRecurssion(reverseAString.java:60)
at tekPyramidPrograms.reverseAString.reverseStringUsingRecurssion(reverseAString.java:60)
at tekPyramidPrograms.reverseAString.reverseStringUsingRecurssion(reverseAString.java:60)
at tekPyramidPrograms.reverseAString.reverseStringUsingRecurssion(reverseAString.java:60)
at tekPyramidPrograms.reverseAString.reverseStringUsingRecurssion(reverseAString.java:60)
at tekPyramidPrograms.reverseAString.reverseStringUsingRecurssion(reverseAString.java:60)
at tekPyramidPrograms.reverseAString.reverseStringUsingRecurssion(reverseAString.java:60)
at tekPyramidPrograms.reverseAString.reverseStringUsingRecurssion(reverseAString.java:60)
at tekPyramidPrograms.reverseAString.reverseStringUsingRecurssion(reverseAString.java:60)
at tekPyramidPrograms.reverseAString.reverseStringUsingRecurssion(reverseAString.java:60)
at tekPyramidPrograms.reverseAString.reverseStringUsingRecurssion(reverseAString.java:60)
at tekPyramidPrograms.reverseAString.reverseStringUsingRecurssion(reverseAString.java:60)
at tekPyramidPrograms.reverseAString.reverseStringUsingRecurssion(reverseAString.java:60)
at tekPyramidPrograms.reverseAString.reverseStringUsingRecurssion(reverseAString.java:60)
at tekPyramidPrograms.reverseAString.reverseStringUsingRecurssion(reverseAString.java:60)
at tekPyramidPrograms.reverseAString.reverseStringUsingRecurssion(reverseAString.java:60)
at tekPyramidPrograms.reverseAString.reverseStringUsingRecurssion(reverseAString.java:60)
at tekPyramidPrograms.reverseAString.reverseStringUsingRecurssion(reverseAString.java:60)
at tekPyramidPrograms.reverseAString.reverseStringUsingRecurssion(reverseAString.java:60)
at tekPyramidPrograms.reverseAString.reverseStringUsingRecurssion(reverseAString.java:60)
at tekPyramidPrograms.reverseAString.reverseStringUsingRecurssion(reverseAString.java:60)
at tekPyramidPrograms.reverseAString.reverseStringUsingRecurssion(reverseAString.java:60)
at tekPyramidPrograms.reverseAString.reverseStringUsingRecurssion(reverseAString.java:60)
at tekPyramidPrograms.reverseAString.reverseStringUsingRecurssion(reverseAString.java:60)
at tekPyramidPrograms.reverseAString.reverseStringUsingRecurssion(reverseAString.java:60)
at tekPyramidPrograms.reverseAString.reverseStringUsingRecurssion(reverseAString.java:60)
at tekPyramidPrograms.reverseAString.reverseStringUsingRecurssion(reverseAString.java:60)
at tekPyramidPrograms.reverseAString.reverseStringUsingRecurssion(reverseAString.java:60)
at tekPyramidPrograms.reverseAString.reverseStringUsingRecurssion(reverseAString.java:60)
at tekPyramidPrograms.reverseAString.reverseStringUsingRecurssion(reverseAString.java:60)
at tekPyramidPrograms.reverseAString.reverseStringUsingRecurssion(reverseAString.java:60)
at tekPyramidPrograms.reverseAString.reverseStringUsingRecurssion(reverseAString.java:60)
at tekPyramidPrograms.reverseAString.reverseStringUsingRecurssion(reverseAString.java:60)
at tekPyramidPrograms.reverseAString.reverseStringUsingRecurssion(reverseAString.java:60)
at tekPyramidPrograms.reverseAString.reverseStringUsingRecurssion(reverseAString.java:60)
at tekPyramidPrograms.reverseAString.reverseStringUsingRecurssion(reverseAString.java:60)
at tekPyramidPrograms.reverseAString.reverseStringUsingRecurssion(reverseAString.java:60)
at tekPyramidPrograms.reverseAString.reverseStringUsingRecurssion(reverseAString.java:60)
at tekPyramidPrograms.reverseAString.reverseStringUsingRecurssion(reverseAString.java:60)
at tekPyramidPrograms.reverseAString.reverseStringUsingRecurssion(reverseAString.java:60)
at tekPyramidPrograms.reverseAString.reverseStringUsingRecurssion(reverseAString.java:60)
at tekPyramidPrograms.reverseAString.reverseStringUsingRecurssion(reverseAString.java:60)
at tekPyramidPrograms.reverseAString.reverseStringUsingRecurssion(reverseAString.java:60)
at tekPyramidPrograms.reverseAString.reverseStringUsingRecurssion(reverseAString.java:60)
at tekPyramidPrograms.reverseAString.reverseStringUsingRecurssion(reverseAString.java:60)
at tekPyramidPrograms.reverseAString.reverseStringUsingRecurssion(reverseAString.java:60)
at tekPyramidPrograms.reverseAString.reverseStringUsingRecurssion(reverseAString.java:60)
at tekPyramidPrograms.reverseAString.reverseStringUsingRecurssion(reverseAString.java:60)
at tekPyramidPrograms.reverseAString.reverseStringUsingRecurssion(reverseAString.java:60)
at tekPyramidPrograms.reverseAString.reverseStringUsingRecurssion(reverseAString.java:60)
at tekPyramidPrograms.reverseAString.reverseStringUsingRecurssion(reverseAString.java:60)
at tekPyramidPrograms.reverseAString.reverseStringUsingRecurssion(reverseAString.java:60)
at tekPyramidPrograms.reverseAString.reverseStringUsingRecurssion(reverseAString.java:60)
at tekPyramidPrograms.reverseAString.reverseStringUsingRecurssion(reverseAString.java:60)
at tekPyramidPrograms.reverseAString.reverseStringUsingRecurssion(reverseAString.java:60)
at tekPyramidPrograms.reverseAString.reverseStringUsingRecurssion(reverseAString.java:60)
at tekPyramidPrograms.reverseAString.reverseStringUsingRecurssion(reverseAString.java:60)
at tekPyramidPrograms.reverseAString.reverseStringUsingRecurssion(reverseAString.java:60)
at tekPyramidPrograms.reverseAString.reverseStringUsingRecurssion(reverseAString.java:60)
at tekPyramidPrograms.reverseAString.reverseStringUsingRecurssion(reverseAString.java:60)
at tekPyramidPrograms.reverseAString.reverseStringUsingRecurssion(reverseAString.java:60)
at tekPyramidPrograms.reverseAString.reverseStringUsingRecurssion(reverseAString.java:60)
at tekPyramidPrograms.reverseAString.reverseStringUsingRecurssion(reverseAString.java:60)
at tekPyramidPrograms.reverseAString.reverseStringUsingRecurssion(reverseAString.java:60)
at tekPyramidPrograms.reverseAString.reverseStringUsingRecurssion(reverseAString.java:60)
at tekPyramidPrograms.reverseAString.reverseStringUsingRecurssion(reverseAString.java:60)
at tekPyramidPrograms.reverseAString.reverseStringUsingRecurssion(reverseAString.java:60)
at tekPyramidPrograms.reverseAString.reverseStringUsingRecurssion(reverseAString.java:60)
at tekPyramidPrograms.reverseAString.reverseStringUsingRecurssion(reverseAString.java:60)
at tekPyramidPrograms.reverseAString.reverseStringUsingRecurssion(reverseAString.java:60)
at tekPyramidPrograms.reverseAString.reverseStringUsingRecurssion(reverseAString.java:60)
at tekPyramidPrograms.reverseAString.reverseStringUsingRecurssion(reverseAString.java:60)
at tekPyramidPrograms.reverseAString.reverseStringUsingRecurssion(reverseAString.java:60)
at tekPyramidPrograms.reverseAString.reverseStringUsingRecurssion(reverseAString.java:60)
at tekPyramidPrograms.reverseAString.reverseStringUsingRecurssion(reverseAString.java:60)
at tekPyramidPrograms.reverseAString.reverseStringUsingRecurssion(reverseAString.java:60)
at tekPyramidPrograms.reverseAString.reverseStringUsingRecurssion(reverseAString.java:60)
at tekPyramidPrograms.reverseAString.reverseStringUsingRecurssion(reverseAString.java:60)
at tekPyramidPrograms.reverseAString.reverseStringUsingRecurssion(reverseAString.java:60)
at tekPyramidPrograms.reverseAString.reverseStringUsingRecurssion(reverseAString.java:60)
at tekPyramidPrograms.reverseAString.reverseStringUsingRecurssion(reverseAString.java:60)
at tekPyramidPrograms.reverseAString.reverseStringUsingRecurssion(reverseAString.java:60)
at tekPyramidPrograms.reverseAString.reverseStringUsingRecurssion(reverseAString.java:60)
at tekPyramidPrograms.reverseAString.reverseStringUsingRecurssion(reverseAString.java:60)
at tekPyramidPrograms.reverseAString.reverseStringUsingRecurssion(reverseAString.java:60)
at tekPyramidPrograms.reverseAString.reverseStringUsingRecurssion(reverseAString.java:60)
at tekPyramidPrograms.reverseAString.reverseStringUsingRecurssion(reverseAString.java:60)
at tekPyramidPrograms.reverseAString.reverseStringUsingRecurssion(reverseAString.java:60)
at tekPyramidPrograms.reverseAString.reverseStringUsingRecurssion(reverseAString.java:60)
at tekPyramidPrograms.reverseAString.reverseStringUsingRecurssion(reverseAString.java:60)
at tekPyramidPrograms.reverseAString.reverseStringUsingRecurssion(reverseAString.java:60)
at tekPyramidPrograms.reverseAString.reverseStringUsingRecurssion(reverseAString.java:60)
at tekPyramidPrograms.reverseAString.reverseStringUsingRecurssion(reverseAString.java:60)
at tekPyramidPrograms.reverseAString.reverseStringUsingRecurssion(reverseAString.java:60)
at tekPyramidPrograms.reverseAString.reverseStringUsingRecurssion(reverseAString.java:60)
at tekPyramidPrograms.reverseAString.reverseStringUsingRecurssion(reverseAString.java:60)
at tekPyramidPrograms.reverseAString.reverseStringUsingRecurssion(reverseAString.java:60)
at tekPyramidPrograms.reverseAString.reverseStringUsingRecurssion(reverseAString.java:60)
at tekPyramidPrograms.reverseAString.reverseStringUsingRecurssion(reverseAString.java:60)
at tekPyramidPrograms.reverseAString.reverseStringUsingRecurssion(reverseAString.java:60)
at tekPyramidPrograms.reverseAString.reverseStringUsingRecurssion(reverseAString.java:60)
at tekPyramidPrograms.reverseAString.reverseStringUsingRecurssion(reverseAString.java:60)
at tekPyramidPrograms.reverseAString.reverseStringUsingRecurssion(reverseAString.java:60)
at tekPyramidPrograms.reverseAString.reverseStringUsingRecurssion(reverseAString.java:60)
at tekPyramidPrograms.reverseAString.reverseStringUsingRecurssion(reverseAString.java:60)
at tekPyramidPrograms.reverseAString.reverseStringUsingRecurssion(reverseAString.java:60)
at tekPyramidPrograms.reverseAString.reverseStringUsingRecurssion(reverseAString.java:60)
at tekPyramidPrograms.reverseAString.reverseStringUsingRecurssion(reverseAString.java:60)
at tekPyramidPrograms.reverseAString.reverseStringUsingRecurssion(reverseAString.java:60)
at tekPyramidPrograms.reverseAString.reverseStringUsingRecurssion(reverseAString.java:60)
at tekPyramidPrograms.reverseAString.reverseStringUsingRecurssion(reverseAString.java:60)
at tekPyramidPrograms.reverseAString.reverseStringUsingRecurssion(reverseAString.java:60)
at tekPyramidPrograms.reverseAString.reverseStringUsingRecurssion(reverseAString.java:60)
at tekPyramidPrograms.reverseAString.reverseStringUsingRecurssion(reverseAString.java:60)
at tekPyramidPrograms.reverseAString.reverseStringUsingRecurssion(reverseAString.java:60)
at tekPyramidPrograms.reverseAString.reverseStringUsingRecurssion(reverseAString.java:60)
at tekPyramidPrograms.reverseAString.reverseStringUsingRecurssion(reverseAString.java:60)
at tekPyramidPrograms.reverseAString.reverseStringUsingRecurssion(reverseAString.java:60)
at tekPyramidPrograms.reverseAString.reverseStringUsingRecurssion(reverseAString.java:60)
at tekPyramidPrograms.reverseAString.reverseStringUsingRecurssion(reverseAString.java:60)
at tekPyramidPrograms.reverseAString.reverseStringUsingRecurssion(reverseAString.java:60)
at tekPyramidPrograms.reverseAString.reverseStringUsingRecurssion(reverseAString.java:60)
at tekPyramidPrograms.reverseAString.reverseStringUsingRecurssion(reverseAString.java:60)
at tekPyramidPrograms.reverseAString.reverseStringUsingRecurssion(reverseAString.java:60)
at tekPyramidPrograms.reverseAString.reverseStringUsingRecurssion(reverseAString.java:60)
at tekPyramidPrograms.reverseAString.reverseStringUsingRecurssion(reverseAString.java:60)
at tekPyramidPrograms.reverseAString.reverseStringUsingRecurssion(reverseAString.java:60)
at tekPyramidPrograms.reverseAString.reverseStringUsingRecurssion(reverseAString.java:60)
at tekPyramidPrograms.reverseAString.reverseStringUsingRecurssion(reverseAString.java:60)
at tekPyramidPrograms.reverseAString.reverseStringUsingRecurssion(reverseAString.java:60)
at tekPyramidPrograms.reverseAString.reverseStringUsingRecurssion(reverseAString.java:60)
at tekPyramidPrograms.reverseAString.reverseStringUsingRecurssion(reverseAString.java:60)
at tekPyramidPrograms.reverseAString.reverseStringUsingRecurssion(reverseAString.java:60)
at tekPyramidPrograms.reverseAString.reverseStringUsingRecurssion(reverseAString.java:60)
at tekPyramidPrograms.reverseAString.reverseStringUsingRecurssion(reverseAString.java:60)
at tekPyramidPrograms.reverseAString.reverseStringUsingRecurssion(reverseAString.java:60)
at tekPyramidPrograms.reverseAString.reverseStringUsingRecurssion(reverseAString.java:60)
at tekPyramidPrograms.reverseAString.reverseStringUsingRecurssion(reverseAString.java:60)
at tekPyramidPrograms.reverseAString.reverseStringUsingRecurssion(reverseAString.java:60)
at tekPyramidPrograms.reverseAString.reverseStringUsingRecurssion(reverseAString.java:60)
at tekPyramidPrograms.reverseAString.reverseStringUsingRecurssion(reverseAString.java:60)
at tekPyramidPrograms.reverseAString.reverseStringUsingRecurssion(reverseAString.java:60)
at tekPyramidPrograms.reverseAString.reverseStringUsingRecurssion(reverseAString.java:60)
at tekPyramidPrograms.reverseAString.reverseStringUsingRecurssion(reverseAString.java:60)
at tekPyramidPrograms.reverseAString.reverseStringUsingRecurssion(reverseAString.java:60)
at tekPyramidPrograms.reverseAString.reverseStringUsingRecurssion(reverseAString.java:60)
at tekPyramidPrograms.reverseAString.reverseStringUsingRecurssion(reverseAString.java:60)
at tekPyramidPrograms.reverseAString.reverseStringUsingRecurssion(reverseAString.java:60)
at tekPyramidPrograms.reverseAString.reverseStringUsingRecurssion(reverseAString.java:60)
at tekPyramidPrograms.reverseAString.reverseStringUsingRecurssion(reverseAString.java:60)
at tekPyramidPrograms.reverseAString.reverseStringUsingRecurssion(reverseAString.java:60)
at tekPyramidPrograms.reverseAString.reverseStringUsingRecurssion(reverseAString.java:60)
at tekPyramidPrograms.reverseAString.reverseStringUsingRecurssion(reverseAString.java:60)
at tekPyramidPrograms.reverseAString.reverseStringUsingRecurssion(reverseAString.java:60)
at tekPyramidPrograms.reverseAString.reverseStringUsingRecurssion(reverseAString.java:60)
at tekPyramidPrograms.reverseAString.reverseStringUsingRecurssion(reverseAString.java:60)
at tekPyramidPrograms.reverseAString.reverseStringUsingRecurssion(reverseAString.java:60)
at tekPyramidPrograms.reverseAString.reverseStringUsingRecurssion(reverseAString.java:60)
at tekPyramidPrograms.reverseAString.reverseStringUsingRecurssion(reverseAString.java:60)
at tekPyramidPrograms.reverseAString.reverseStringUsingRecurssion(reverseAString.java:60)
at tekPyramidPrograms.reverseAString.reverseStringUsingRecurssion(reverseAString.java:60)
at tekPyramidPrograms.reverseAString.reverseStringUsingRecurssion(reverseAString.java:60)
at tekPyramidPrograms.reverseAString.reverseStringUsingRecurssion(reverseAString.java:60)
at tekPyramidPrograms.reverseAString.reverseStringUsingRecurssion(reverseAString.java:60)
at tekPyramidPrograms.reverseAString.reverseStringUsingRecurssion(reverseAString.java:60)
at tekPyramidPrograms.reverseAString.reverseStringUsingRecurssion(reverseAString.java:60)
at tekPyramidPrograms.reverseAString.reverseStringUsingRecurssion(reverseAString.java:60)
at tekPyramidPrograms.reverseAString.reverseStringUsingRecurssion(reverseAString.java:60)
at tekPyramidPrograms.reverseAString.reverseStringUsingRecurssion(reverseAString.java:60)
at tekPyramidPrograms.reverseAString.reverseStringUsingRecurssion(reverseAString.java:60)
at tekPyramidPrograms.reverseAString.reverseStringUsingRecurssion(reverseAString.java:60)
at tekPyramidPrograms.reverseAString.reverseStringUsingRecurssion(reverseAString.java:60)
at tekPyramidPrograms.reverseAString.reverseStringUsingRecurssion(reverseAString.java:60)
at tekPyramidPrograms.reverseAString.reverseStringUsingRecurssion(reverseAString.java:60)
at tekPyramidPrograms.reverseAString.reverseStringUsingRecurssion(reverseAString.java:60)
at tekPyramidPrograms.reverseAString.reverseStringUsingRecurssion(reverseAString.java:60)
at tekPyramidPrograms.reverseAString.reverseStringUsingRecurssion(reverseAString.java:60)
at tekPyramidPrograms.reverseAString.reverseStringUsingRecurssion(reverseAString.java:60)
at tekPyramidPrograms.reverseAString.reverseStringUsingRecurssion(reverseAString.java:60)
at tekPyramidPrograms.reverseAString.reverseStringUsingRecurssion(reverseAString.java:60)
at tekPyramidPrograms.reverseAString.reverseStringUsingRecurssion(reverseAString.java:60)
at tekPyramidPrograms.reverseAString.reverseStringUsingRecurssion(reverseAString.java:60)
at tekPyramidPrograms.reverseAString.reverseStringUsingRecurssion(reverseAString.java:60)
at tekPyramidPrograms.reverseAString.reverseStringUsingRecurssion(reverseAString.java:60)
at tekPyramidPrograms.reverseAString.reverseStringUsingRecurssion(reverseAString.java:60)
at tekPyramidPrograms.reverseAString.reverseStringUsingRecurssion(reverseAString.java:60)
at tekPyramidPrograms.reverseAString.reverseStringUsingRecurssion(reverseAString.java:60)
at tekPyramidPrograms.reverseAString.reverseStringUsingRecurssion(reverseAString.java:60)
at tekPyramidPrograms.reverseAString.reverseStringUsingRecurssion(reverseAString.java:60)
at tekPyramidPrograms.reverseAString.reverseStringUsingRecurssion(reverseAString.java:60)
at tekPyramidPrograms.reverseAString.reverseStringUsingRecurssion(reverseAString.java:60)
at tekPyramidPrograms.reverseAString.reverseStringUsingRecurssion(reverseAString.java:60)
at tekPyramidPrograms.reverseAString.reverseStringUsingRecurssion(reverseAString.java:60)
at tekPyramidPrograms.reverseAString.reverseStringUsingRecurssion(reverseAString.java:60)
at tekPyramidPrograms.reverseAString.reverseStringUsingRecurssion(reverseAString.java:60)
at tekPyramidPrograms.reverseAString.reverseStringUsingRecurssion(reverseAString.java:60)
at tekPyramidPrograms.reverseAString.reverseStringUsingRecurssion(reverseAString.java:60)
at tekPyramidPrograms.reverseAString.reverseStringUsingRecurssion(reverseAString.java:60)
at tekPyramidPrograms.reverseAString.reverseStringUsingRecurssion(reverseAString.java:60)
at tekPyramidPrograms.reverseAString.reverseStringUsingRecurssion(reverseAString.java:60)
at tekPyramidPrograms.reverseAString.reverseStringUsingRecurssion(reverseAString.java:60)
at tekPyramidPrograms.reverseAString.reverseStringUsingRecurssion(reverseAString.java:60)
at tekPyramidPrograms.reverseAString.reverseStringUsingRecurssion(reverseAString.java:60)
at tekPyramidPrograms.reverseAString.reverseStringUsingRecurssion(reverseAString.java:60)
at tekPyramidPrograms.reverseAString.reverseStringUsingRecurssion(reverseAString.java:60)
at tekPyramidPrograms.reverseAString.reverseStringUsingRecurssion(reverseAString.java:60)
at tekPyramidPrograms.reverseAString.reverseStringUsingRecurssion(reverseAString.java:60)
at tekPyramidPrograms.reverseAString.reverseStringUsingRecurssion(reverseAString.java:60)
at tekPyramidPrograms.reverseAString.reverseStringUsingRecurssion(reverseAString.java:60)
at tekPyramidPrograms.reverseAString.reverseStringUsingRecurssion(reverseAString.java:60)
at tekPyramidPrograms.reverseAString.reverseStringUsingRecurssion(reverseAString.java:60)
at tekPyramidPrograms.reverseAString.reverseStringUsingRecurssion(reverseAString.java:60)
at tekPyramidPrograms.reverseAString.reverseStringUsingRecurssion(reverseAString.java:60)
at tekPyramidPrograms.reverseAString.reverseStringUsingRecurssion(reverseAString.java:60)
at tekPyramidPrograms.reverseAString.reverseStringUsingRecurssion(reverseAString.java:60)
at tekPyramidPrograms.reverseAString.reverseStringUsingRecurssion(reverseAString.java:60)
at tekPyramidPrograms.reverseAString.reverseStringUsingRecurssion(reverseAString.java:60)
at tekPyramidPrograms.reverseAString.reverseStringUsingRecurssion(reverseAString.java:60)
at tekPyramidPrograms.reverseAString.reverseStringUsingRecurssion(reverseAString.java:60)
at tekPyramidPrograms.reverseAString.reverseStringUsingRecurssion(reverseAString.java:60)
at tekPyramidPrograms.reverseAString.reverseStringUsingRecurssion(reverseAString.java:60)
at tekPyramidPrograms.reverseAString.reverseStringUsingRecurssion(reverseAString.java:60)
at tekPyramidPrograms.reverseAString.reverseStringUsingRecurssion(reverseAString.java:60)
at tekPyramidPrograms.reverseAString.reverseStringUsingRecurssion(reverseAString.java:60)
at tekPyramidPrograms.reverseAString.reverseStringUsingRecurssion(reverseAString.java:60)
at tekPyramidPrograms.reverseAString.reverseStringUsingRecurssion(reverseAString.java:60)
at tekPyramidPrograms.reverseAString.reverseStringUsingRecurssion(reverseAString.java:60)
at tekPyramidPrograms.reverseAString.reverseStringUsingRecurssion(reverseAString.java:60)
at tekPyramidPrograms.reverseAString.reverseStringUsingRecurssion(reverseAString.java:60)
at tekPyramidPrograms.reverseAString.reverseStringUsingRecurssion(reverseAString.java:60)
at tekPyramidPrograms.reverseAString.reverseStringUsingRecurssion(reverseAString.java:60)
at tekPyramidPrograms.reverseAString.reverseStringUsingRecurssion(reverseAString.java:60)
at tekPyramidPrograms.reverseAString.reverseStringUsingRecurssion(reverseAString.java:60)
at tekPyramidPrograms.reverseAString.reverseStringUsingRecurssion(reverseAString.java:60)
at tekPyramidPrograms.reverseAString.reverseStringUsingRecurssion(reverseAString.java:60)
at tekPyramidPrograms.reverseAString.reverseStringUsingRecurssion(reverseAString.java:60)
at tekPyramidPrograms.reverseAString.reverseStringUsingRecurssion(reverseAString.java:60)
at tekPyramidPrograms.reverseAString.reverseStringUsingRecurssion(reverseAString.java:60)
at tekPyramidPrograms.reverseAString.reverseStringUsingRecurssion(reverseAString.java:60)
at tekPyramidPrograms.reverseAString.reverseStringUsingRecurssion(reverseAString.java:60)
at tekPyramidPrograms.reverseAString.reverseStringUsingRecurssion(reverseAString.java:60)
at tekPyramidPrograms.reverseAString.reverseStringUsingRecurssion(reverseAString.java:60)
at tekPyramidPrograms.reverseAString.reverseStringUsingRecurssion(reverseAString.java:60)
at tekPyramidPrograms.reverseAString.reverseStringUsingRecurssion(reverseAString.java:60)
at tekPyramidPrograms.reverseAString.reverseStringUsingRecurssion(reverseAString.java:60)
at tekPyramidPrograms.reverseAString.reverseStringUsingRecurssion(reverseAString.java:60)
at tekPyramidPrograms.reverseAString.reverseStringUsingRecurssion(reverseAString.java:60)
at tekPyramidPrograms.reverseAString.reverseStringUsingRecurssion(reverseAString.java:60)
at tekPyramidPrograms.reverseAString.reverseStringUsingRecurssion(reverseAString.java:60)
at tekPyramidPrograms.reverseAString.reverseStringUsingRecurssion(reverseAString.java:60)
at tekPyramidPrograms.reverseAString.reverseStringUsingRecurssion(reverseAString.java:60)
at tekPyramidPrograms.reverseAString.reverseStringUsingRecurssion(reverseAString.java:60)
at tekPyramidPrograms.reverseAString.reverseStringUsingRecurssion(reverseAString.java:60)
at tekPyramidPrograms.reverseAString.reverseStringUsingRecurssion(reverseAString.java:60)
at tekPyramidPrograms.reverseAString.reverseStringUsingRecurssion(reverseAString.java:60)
at tekPyramidPrograms.reverseAString.reverseStringUsingRecurssion(reverseAString.java:60)
at tekPyramidPrograms.reverseAString.reverseStringUsingRecurssion(reverseAString.java:60)
at tekPyramidPrograms.reverseAString.reverseStringUsingRecurssion(reverseAString.java:60)
at tekPyramidPrograms.reverseAString.reverseStringUsingRecurssion(reverseAString.java:60)
at tekPyramidPrograms.reverseAString.reverseStringUsingRecurssion(reverseAString.java:60)
at tekPyramidPrograms.reverseAString.reverseStringUsingRecurssion(reverseAString.java:60)
at tekPyramidPrograms.reverseAString.reverseStringUsingRecurssion(reverseAString.java:60)
at tekPyramidPrograms.reverseAString.reverseStringUsingRecurssion(reverseAString.java:60)
at tekPyramidPrograms.reverseAString.reverseStringUsingRecurssion(reverseAString.java:60)
at tekPyramidPrograms.reverseAString.reverseStringUsingRecurssion(reverseAString.java:60)
at tekPyramidPrograms.reverseAString.reverseStringUsingRecurssion(reverseAString.java:60)
at tekPyramidPrograms.reverseAString.reverseStringUsingRecurssion(reverseAString.java:60)
at tekPyramidPrograms.reverseAString.reverseStringUsingRecurssion(reverseAString.java:60)
at tekPyramidPrograms.reverseAString.reverseStringUsingRecurssion(reverseAString.java:60)
at tekPyramidPrograms.reverseAString.reverseStringUsingRecurssion(reverseAString.java:60)
at tekPyramidPrograms.reverseAString.reverseStringUsingRecurssion(reverseAString.java:60)
at tekPyramidPrograms.reverseAString.reverseStringUsingRecurssion(reverseAString.java:60)
at tekPyramidPrograms.reverseAString.reverseStringUsingRecurssion(reverseAString.java:60)
at tekPyramidPrograms.reverseAString.reverseStringUsingRecurssion(reverseAString.java:60)
at tekPyramidPrograms.reverseAString.reverseStringUsingRecurssion(reverseAString.java:60)
at tekPyramidPrograms.reverseAString.reverseStringUsingRecurssion(reverseAString.java:60)
at tekPyramidPrograms.reverseAString.reverseStringUsingRecurssion(reverseAString.java:60)
at tekPyramidPrograms.reverseAString.reverseStringUsingRecurssion(reverseAString.java:60)
at tekPyramidPrograms.reverseAString.reverseStringUsingRecurssion(reverseAString.java:60)
at tekPyramidPrograms.reverseAString.reverseStringUsingRecurssion(reverseAString.java:60)
at tekPyramidPrograms.reverseAString.reverseStringUsingRecurssion(reverseAString.java:60)
at tekPyramidPrograms.reverseAString.reverseStringUsingRecurssion(reverseAString.java:60)
at tekPyramidPrograms.reverseAString.reverseStringUsingRecurssion(reverseAString.java:60)
at tekPyramidPrograms.reverseAString.reverseStringUsingRecurssion(reverseAString.java:60)
at tekPyramidPrograms.reverseAString.reverseStringUsingRecurssion(reverseAString.java:60)
at tekPyramidPrograms.reverseAString.reverseStringUsingRecurssion(reverseAString.java:60)
at tekPyramidPrograms.reverseAString.reverseStringUsingRecurssion(reverseAString.java:60)
at tekPyramidPrograms.reverseAString.reverseStringUsingRecurssion(reverseAString.java:60)
at tekPyramidPrograms.reverseAString.reverseStringUsingRecurssion(reverseAString.java:60)
at tekPyramidPrograms.reverseAString.reverseStringUsingRecurssion(reverseAString.java:60)
at tekPyramidPrograms.reverseAString.reverseStringUsingRecurssion(reverseAString.java:60)
at tekPyramidPrograms.reverseAString.reverseStringUsingRecurssion(reverseAString.java:60)
at tekPyramidPrograms.reverseAString.reverseStringUsingRecurssion(reverseAString.java:60)
at tekPyramidPrograms.reverseAString.reverseStringUsingRecurssion(reverseAString.java:60)
at tekPyramidPrograms.reverseAString.reverseStringUsingRecurssion(reverseAString.java:60)
at tekPyramidPrograms.reverseAString.reverseStringUsingRecurssion(reverseAString.java:60)
at tekPyramidPrograms.reverseAString.reverseStringUsingRecurssion(reverseAString.java:60)
at tekPyramidPrograms.reverseAString.reverseStringUsingRecurssion(reverseAString.java:60)
at tekPyramidPrograms.reverseAString.reverseStringUsingRecurssion(reverseAString.java:60)
at tekPyramidPrograms.reverseAString.reverseStringUsingRecurssion(reverseAString.java:60)
at tekPyramidPrograms.reverseAString.reverseStringUsingRecurssion(reverseAString.java:60)
at tekPyramidPrograms.reverseAString.reverseStringUsingRecurssion(reverseAString.java:60)
at tekPyramidPrograms.reverseAString.reverseStringUsingRecurssion(reverseAString.java:60)
at tekPyramidPrograms.reverseAString.reverseStringUsingRecurssion(reverseAString.java:60)
at tekPyramidPrograms.reverseAString.reverseStringUsingRecurssion(reverseAString.java:60)
at tekPyramidPrograms.reverseAString.reverseStringUsingRecurssion(reverseAString.java:60)
at tekPyramidPrograms.reverseAString.reverseStringUsingRecurssion(reverseAString.java:60)
at tekPyramidPrograms.reverseAString.reverseStringUsingRecurssion(reverseAString.java:60)
at tekPyramidPrograms.reverseAString.reverseStringUsingRecurssion(reverseAString.java:60)
at tekPyramidPrograms.reverseAString.reverseStringUsingRecurssion(reverseAString.java:60)
at tekPyramidPrograms.reverseAString.reverseStringUsingRecurssion(reverseAString.java:60)
at tekPyramidPrograms.reverseAString.reverseStringUsingRecurssion(reverseAString.java:60)
at tekPyramidPrograms.reverseAString.reverseStringUsingRecurssion(reverseAString.java:60)
at tekPyramidPrograms.reverseAString.reverseStringUsingRecurssion(reverseAString.java:60)
at tekPyramidPrograms.reverseAString.reverseStringUsingRecurssion(reverseAString.java:60)
at tekPyramidPrograms.reverseAString.reverseStringUsingRecurssion(reverseAString.java:60)
at tekPyramidPrograms.reverseAString.reverseStringUsingRecurssion(reverseAString.java:60)
at tekPyramidPrograms.reverseAString.reverseStringUsingRecurssion(reverseAString.java:60)
at tekPyramidPrograms.reverseAString.reverseStringUsingRecurssion(reverseAString.java:60)
at tekPyramidPrograms.reverseAString.reverseStringUsingRecurssion(reverseAString.java:60)
at tekPyramidPrograms.reverseAString.reverseStringUsingRecurssion(reverseAString.java:60)
at tekPyramidPrograms.reverseAString.reverseStringUsingRecurssion(reverseAString.java:60)
at tekPyramidPrograms.reverseAString.reverseStringUsingRecurssion(reverseAString.java:60)
at tekPyramidPrograms.reverseAString.reverseStringUsingRecurssion(reverseAString.java:60)
at tekPyramidPrograms.reverseAString.reverseStringUsingRecurssion(reverseAString.java:60)
at tekPyramidPrograms.reverseAString.reverseStringUsingRecurssion(reverseAString.java:60)
at tekPyramidPrograms.reverseAString.reverseStringUsingRecurssion(reverseAString.java:60)
at tekPyramidPrograms.reverseAString.reverseStringUsingRecurssion(reverseAString.java:60)
at tekPyramidPrograms.reverseAString.reverseStringUsingRecurssion(reverseAString.java:60)
at tekPyramidPrograms.reverseAString.reverseStringUsingRecurssion(reverseAString.java:60)
at tekPyramidPrograms.reverseAString.reverseStringUsingRecurssion(reverseAString.java:60)
at tekPyramidPrograms.reverseAString.reverseStringUsingRecurssion(reverseAString.java:60)
at tekPyramidPrograms.reverseAString.reverseStringUsingRecurssion(reverseAString.java:60)
at tekPyramidPrograms.reverseAString.reverseStringUsingRecurssion(reverseAString.java:60)
at tekPyramidPrograms.reverseAString.reverseStringUsingRecurssion(reverseAString.java:60)
at tekPyramidPrograms.reverseAString.reverseStringUsingRecurssion(reverseAString.java:60)
at tekPyramidPrograms.reverseAString.reverseStringUsingRecurssion(reverseAString.java:60)
at tekPyramidPrograms.reverseAString.reverseStringUsingRecurssion(reverseAString.java:60)
at tekPyramidPrograms.reverseAString.reverseStringUsingRecurssion(reverseAString.java:60)
at tekPyramidPrograms.reverseAString.reverseStringUsingRecurssion(reverseAString.java:60)
at tekPyramidPrograms.reverseAString.reverseStringUsingRecurssion(reverseAString.java:60)
at tekPyramidPrograms.reverseAString.reverseStringUsingRecurssion(reverseAString.java:60)
at tekPyramidPrograms.reverseAString.reverseStringUsingRecurssion(reverseAString.java:60)
at tekPyramidPrograms.reverseAString.reverseStringUsingRecurssion(reverseAString.java:60)
at tekPyramidPrograms.reverseAString.reverseStringUsingRecurssion(reverseAString.java:60)
at tekPyramidPrograms.reverseAString.reverseStringUsingRecurssion(reverseAString.java:60)
at tekPyramidPrograms.reverseAString.reverseStringUsingRecurssion(reverseAString.java:60)
at tekPyramidPrograms.reverseAString.reverseStringUsingRecurssion(reverseAString.java:60)
at tekPyramidPrograms.reverseAString.reverseStringUsingRecurssion(reverseAString.java:60)
at tekPyramidPrograms.reverseAString.reverseStringUsingRecurssion(reverseAString.java:60)
at tekPyramidPrograms.reverseAString.reverseStringUsingRecurssion(reverseAString.java:60)
at tekPyramidPrograms.reverseAString.reverseStringUsingRecurssion(reverseAString.java:60)
at tekPyramidPrograms.reverseAString.reverseStringUsingRecurssion(reverseAString.java:60)
at tekPyramidPrograms.reverseAString.reverseStringUsingRecurssion(reverseAString.java:60)
at tekPyramidPrograms.reverseAString.reverseStringUsingRecurssion(reverseAString.java:60)
at tekPyramidPrograms.reverseAString.reverseStringUsingRecurssion(reverseAString.java:60)
at tekPyramidPrograms.reverseAString.reverseStringUsingRecurssion(reverseAString.java:60)
at tekPyramidPrograms.reverseAString.reverseStringUsingRecurssion(reverseAString.java:60)
at tekPyramidPrograms.reverseAString.reverseStringUsingRecurssion(reverseAString.java:60)
at tekPyramidPrograms.reverseAString.reverseStringUsingRecurssion(reverseAString.java:60)
at tekPyramidPrograms.reverseAString.reverseStringUsingRecurssion(reverseAString.java:60)
at tekPyramidPrograms.reverseAString.reverseStringUsingRecurssion(reverseAString.java:60)
at tekPyramidPrograms.reverseAString.reverseStringUsingRecurssion(reverseAString.java:60)
at tekPyramidPrograms.reverseAString.reverseStringUsingRecurssion(reverseAString.java:60)
at tekPyramidPrograms.reverseAString.reverseStringUsingRecurssion(reverseAString.java:60)
at tekPyramidPrograms.reverseAString.reverseStringUsingRecurssion(reverseAString.java:60)
at tekPyramidPrograms.reverseAString.reverseStringUsingRecurssion(reverseAString.java:60)
at tekPyramidPrograms.reverseAString.reverseStringUsingRecurssion(reverseAString.java:60)
at tekPyramidPrograms.reverseAString.reverseStringUsingRecurssion(reverseAString.java:60)
at tekPyramidPrograms.reverseAString.reverseStringUsingRecurssion(reverseAString.java:60)
at tekPyramidPrograms.reverseAString.reverseStringUsingRecurssion(reverseAString.java:60)
at tekPyramidPrograms.reverseAString.reverseStringUsingRecurssion(reverseAString.java:60)
at tekPyramidPrograms.reverseAString.reverseStringUsingRecurssion(reverseAString.java:60)
at tekPyramidPrograms.reverseAString.reverseStringUsingRecurssion(reverseAString.java:60)
at tekPyramidPrograms.reverseAString.reverseStringUsingRecurssion(reverseAString.java:60)
at tekPyramidPrograms.reverseAString.reverseStringUsingRecurssion(reverseAString.java:60)
at tekPyramidPrograms.reverseAString.reverseStringUsingRecurssion(reverseAString.java:60)
at tekPyramidPrograms.reverseAString.reverseStringUsingRecurssion(reverseAString.java:60)
at tekPyramidPrograms.reverseAString.reverseStringUsingRecurssion(reverseAString.java:60)
at tekPyramidPrograms.reverseAString.reverseStringUsingRecurssion(reverseAString.java:60)
at tekPyramidPrograms.reverseAString.reverseStringUsingRecurssion(reverseAString.java:60)
at tekPyramidPrograms.reverseAString.reverseStringUsingRecurssion(reverseAString.java:60)
at tekPyramidPrograms.reverseAString.reverseStringUsingRecurssion(reverseAString.java:60)
at tekPyramidPrograms.reverseAString.reverseStringUsingRecurssion(reverseAString.java:60)
at tekPyramidPrograms.reverseAString.reverseStringUsingRecurssion(reverseAString.java:60)
at tekPyramidPrograms.reverseAString.reverseStringUsingRecurssion(reverseAString.java:60)
at tekPyramidPrograms.reverseAString.reverseStringUsingRecurssion(reverseAString.java:60)
at tekPyramidPrograms.reverseAString.reverseStringUsingRecurssion(reverseAString.java:60)
at tekPyramidPrograms.reverseAString.reverseStringUsingRecurssion(reverseAString.java:60)
at tekPyramidPrograms.reverseAString.reverseStringUsingRecurssion(reverseAString.java:60)
at tekPyramidPrograms.reverseAString.reverseStringUsingRecurssion(reverseAString.java:60)
at tekPyramidPrograms.reverseAString.reverseStringUsingRecurssion(reverseAString.java:60)
at tekPyramidPrograms.reverseAString.reverseStringUsingRecurssion(reverseAString.java:60)
at tekPyramidPrograms.reverseAString.reverseStringUsingRecurssion(reverseAString.java:60)
at tekPyramidPrograms.reverseAString.reverseStringUsingRecurssion(reverseAString.java:60)
at tekPyramidPrograms.reverseAString.reverseStringUsingRecurssion(reverseAString.java:60)
at tekPyramidPrograms.reverseAString.reverseStringUsingRecurssion(reverseAString.java:60)
at tekPyramidPrograms.reverseAString.reverseStringUsingRecurssion(reverseAString.java:60)
at tekPyramidPrograms.reverseAString.reverseStringUsingRecurssion(reverseAString.java:60)
at tekPyramidPrograms.reverseAString.reverseStringUsingRecurssion(reverseAString.java:60)
at tekPyramidPrograms.reverseAString.reverseStringUsingRecurssion(reverseAString.java:60)
at tekPyramidPrograms.reverseAString.reverseStringUsingRecurssion(reverseAString.java:60)
at tekPyramidPrograms.reverseAString.reverseStringUsingRecurssion(reverseAString.java:60)
at tekPyramidPrograms.reverseAString.reverseStringUsingRecurssion(reverseAString.java:60)
at tekPyramidPrograms.reverseAString.reverseStringUsingRecurssion(reverseAString.java:60)
at tekPyramidPrograms.reverseAString.reverseStringUsingRecurssion(reverseAString.java:60)
at tekPyramidPrograms.reverseAString.reverseStringUsingRecurssion(reverseAString.java:60)
at tekPyramidPrograms.reverseAString.reverseStringUsingRecurssion(reverseAString.java:60)
at tekPyramidPrograms.reverseAString.reverseStringUsingRecurssion(reverseAString.java:60)
at tekPyramidPrograms.reverseAString.reverseStringUsingRecurssion(reverseAString.java:60)
at tekPyramidPrograms.reverseAString.reverseStringUsingRecurssion(reverseAString.java:60)
at tekPyramidPrograms.reverseAString.reverseStringUsingRecurssion(reverseAString.java:60)
at tekPyramidPrograms.reverseAString.reverseStringUsingRecurssion(reverseAString.java:60)
at tekPyramidPrograms.reverseAString.reverseStringUsingRecurssion(reverseAString.java:60)
at tekPyramidPrograms.reverseAString.reverseStringUsingRecurssion(reverseAString.java:60)
at tekPyramidPrograms.reverseAString.reverseStringUsingRecurssion(reverseAString.java:60)
at tekPyramidPrograms.reverseAString.reverseStringUsingRecurssion(reverseAString.java:60)
at tekPyramidPrograms.reverseAString.reverseStringUsingRecurssion(reverseAString.java:60)
at tekPyramidPrograms.reverseAString.reverseStringUsingRecurssion(reverseAString.java:60)
at tekPyramidPrograms.reverseAString.reverseStringUsingRecurssion(reverseAString.java:60)
at tekPyramidPrograms.reverseAString.reverseStringUsingRecurssion(reverseAString.java:60)
at tekPyramidPrograms.reverseAString.reverseStringUsingRecurssion(reverseAString.java:60)
at tekPyramidPrograms.reverseAString.reverseStringUsingRecurssion(reverseAString.java:60)
at tekPyramidPrograms.reverseAString.reverseStringUsingRecurssion(reverseAString.java:60)
at tekPyramidPrograms.reverseAString.reverseStringUsingRecurssion(reverseAString.java:60)
at tekPyramidPrograms.reverseAString.reverseStringUsingRecurssion(reverseAString.java:60)
at tekPyramidPrograms.reverseAString.reverseStringUsingRecurssion(reverseAString.java:60)
at tekPyramidPrograms.reverseAString.reverseStringUsingRecurssion(reverseAString.java:60)
at tekPyramidPrograms.reverseAString.reverseStringUsingRecurssion(reverseAString.java:60)
at tekPyramidPrograms.reverseAString.reverseStringUsingRecurssion(reverseAString.java:60)
at tekPyramidPrograms.reverseAString.reverseStringUsingRecurssion(reverseAString.java:60)
at tekPyramidPrograms.reverseAString.reverseStringUsingRecurssion(reverseAString.java:60)
at tekPyramidPrograms.reverseAString.reverseStringUsingRecurssion(reverseAString.java:60)
at tekPyramidPrograms.reverseAString.reverseStringUsingRecurssion(reverseAString.java:60)
at tekPyramidPrograms.reverseAString.reverseStringUsingRecurssion(reverseAString.java:60)
at tekPyramidPrograms.reverseAString.reverseStringUsingRecurssion(reverseAString.java:60)
at tekPyramidPrograms.reverseAString.reverseStringUsingRecurssion(reverseAString.java:60)
at tekPyramidPrograms.reverseAString.reverseStringUsingRecurssion(reverseAString.java:60)
at tekPyramidPrograms.reverseAString.reverseStringUsingRecurssion(reverseAString.java:60)
at tekPyramidPrograms.reverseAString.reverseStringUsingRecurssion(reverseAString.java:60)
at tekPyramidPrograms.reverseAString.reverseStringUsingRecurssion(reverseAString.java:60)
at tekPyramidPrograms.reverseAString.reverseStringUsingRecurssion(reverseAString.java:60)
at tekPyramidPrograms.reverseAString.reverseStringUsingRecurssion(reverseAString.java:60)
at tekPyramidPrograms.reverseAString.reverseStringUsingRecurssion(reverseAString.java:60)
at tekPyramidPrograms.reverseAString.reverseStringUsingRecurssion(reverseAString.java:60)
at tekPyramidPrograms.reverseAString.reverseStringUsingRecurssion(reverseAString.java:60)
at tekPyramidPrograms.reverseAString.reverseStringUsingRecurssion(reverseAString.java:60)
at tekPyramidPrograms.reverseAString.reverseStringUsingRecurssion(reverseAString.java:60)
at tekPyramidPrograms.reverseAString.reverseStringUsingRecurssion(reverseAString.java:60)
at tekPyramidPrograms.reverseAString.reverseStringUsingRecurssion(reverseAString.java:60)
at tekPyramidPrograms.reverseAString.reverseStringUsingRecurssion(reverseAString.java:60)
at tekPyramidPrograms.reverseAString.reverseStringUsingRecurssion(reverseAString.java:60)
at tekPyramidPrograms.reverseAString.reverseStringUsingRecurssion(reverseAString.java:60)
at tekPyramidPrograms.reverseAString.reverseStringUsingRecurssion(reverseAString.java:60)
at tekPyramidPrograms.reverseAString.reverseStringUsingRecurssion(reverseAString.java:60)
at tekPyramidPrograms.reverseAString.reverseStringUsingRecurssion(reverseAString.java:60)
at tekPyramidPrograms.reverseAString.reverseStringUsingRecurssion(reverseAString.java:60)
at tekPyramidPrograms.reverseAString.reverseStringUsingRecurssion(reverseAString.java:60)
at tekPyramidPrograms.reverseAString.reverseStringUsingRecurssion(reverseAString.java:60)
at tekPyramidPrograms.reverseAString.reverseStringUsingRecurssion(reverseAString.java:60)
at tekPyramidPrograms.reverseAString.reverseStringUsingRecurssion(reverseAString.java:60)
at tekPyramidPrograms.reverseAString.reverseStringUsingRecurssion(reverseAString.java:60)
at tekPyramidPrograms.reverseAString.reverseStringUsingRecurssion(reverseAString.java:60)
at tekPyramidPrograms.reverseAString.reverseStringUsingRecurssion(reverseAString.java:60)
at tekPyramidPrograms.reverseAString.reverseStringUsingRecurssion(reverseAString.java:60)
at tekPyramidPrograms.reverseAString.reverseStringUsingRecurssion(reverseAString.java:60)
at tekPyramidPrograms.reverseAString.reverseStringUsingRecurssion(reverseAString.java:60)
at tekPyramidPrograms.reverseAString.reverseStringUsingRecurssion(reverseAString.java:60)
at tekPyramidPrograms.reverseAString.reverseStringUsingRecurssion(reverseAString.java:60)
at tekPyramidPrograms.reverseAString.reverseStringUsingRecurssion(reverseAString.java:60)
at tekPyramidPrograms.reverseAString.reverseStringUsingRecurssion(reverseAString.java:60)
at tekPyramidPrograms.reverseAString.reverseStringUsingRecurssion(reverseAString.java:60)
at tekPyramidPrograms.reverseAString.reverseStringUsingRecurssion(reverseAString.java:60)
at tekPyramidPrograms.reverseAString.reverseStringUsingRecurssion(reverseAString.java:60)
at tekPyramidPrograms.reverseAString.reverseStringUsingRecurssion(reverseAString.java:60)
at tekPyramidPrograms.reverseAString.reverseStringUsingRecurssion(reverseAString.java:60)
at tekPyramidPrograms.reverseAString.reverseStringUsingRecurssion(reverseAString.java:60)
at tekPyramidPrograms.reverseAString.reverseStringUsingRecurssion(reverseAString.java:60)
at tekPyramidPrograms.reverseAString.reverseStringUsingRecurssion(reverseAString.java:60)
at tekPyramidPrograms.reverseAString.reverseStringUsingRecurssion(reverseAString.java:60)
at tekPyramidPrograms.reverseAString.reverseStringUsingRecurssion(reverseAString.java:60)
at tekPyramidPrograms.reverseAString.reverseStringUsingRecurssion(reverseAString.java:60)
at tekPyramidPrograms.reverseAString.reverseStringUsingRecurssion(reverseAString.java:60)
at tekPyramidPrograms.reverseAString.reverseStringUsingRecurssion(reverseAString.java:60)
at tekPyramidPrograms.reverseAString.reverseStringUsingRecurssion(reverseAString.java:60)
at tekPyramidPrograms.reverseAString.reverseStringUsingRecurssion(reverseAString.java:60)
at tekPyramidPrograms.reverseAString.reverseStringUsingRecurssion(reverseAString.java:60)
at tekPyramidPrograms.reverseAString.reverseStringUsingRecurssion(reverseAString.java:60)
at tekPyramidPrograms.reverseAString.reverseStringUsingRecurssion(reverseAString.java:60)
at tekPyramidPrograms.reverseAString.reverseStringUsingRecurssion(reverseAString.java:60)
at tekPyramidPrograms.reverseAString.reverseStringUsingRecurssion(reverseAString.java:60)
at tekPyramidPrograms.reverseAString.reverseStringUsingRecurssion(reverseAString.java:60)
at tekPyramidPrograms.reverseAString.reverseStringUsingRecurssion(reverseAString.java:60)
at tekPyramidPrograms.reverseAString.reverseStringUsingRecurssion(reverseAString.java:60)
at tekPyramidPrograms.reverseAString.reverseStringUsingRecurssion(reverseAString.java:60)
at tekPyramidPrograms.reverseAString.reverseStringUsingRecurssion(reverseAString.java:60)
]]>
    </error>
  </testcase> <!-- reverseStringUsingRecurssion -->
</testsuite> <!-- tekPyramidPrograms.reverseAString -->
